#
# A fatal error has been detected by the Java Runtime Environment:
#
#  Internal Error (sharedRuntime.cpp:728), pid=4144, tid=1836333888
#  guarantee(false) failed: missing exception handler
#
# JRE version: 7.0_17-b02
# Java VM: Java HotSpot(TM) Server VM (23.7-b01 mixed mode linux-x86 )
# Failed to write core dump. Core dumps have been disabled. To enable core dumping, try "ulimit -c unlimited" before starting Java again
#
# If you would like to submit a bug report, please visit:
#   http://bugreport.sun.com/bugreport/crash.jsp
#

---------------  T H R E A D  ---------------

Current thread (0x6d9c3000):  JavaThread "AWT-EventQueue-0" [_thread_in_vm, id=4169, stack(0x6d6f3000,0x6d744000)]

Stack: [0x6d6f3000,0x6d744000],  sp=0x6d742a54,  free space=318k
Native frames: (J=compiled Java code, j=interpreted, Vv=VM code, C=native code)
V  [libjvm.so+0x720449]  VMError::report_and_die()+0x199
V  [libjvm.so+0x2e8829]  report_vm_error(char const*, int, char const*, char const*)+0x49
V  [libjvm.so+0x65cacb]  SharedRuntime::compute_compiled_exc_handler(nmethod*, unsigned char*, Handle&, bool, bool)+0x3db
V  [libjvm.so+0x652db1]  OptoRuntime::handle_exception_C_helper(JavaThread*, nmethod*&)+0x121
V  [libjvm.so+0x65312c]  OptoRuntime::handle_exception_C(JavaThread*)+0x2c

Java frames: (J=compiled Java code, j=interpreted, Vv=VM code)
v  ~ExceptionBlob
J  java.awt.EventDispatchThread.pumpOneEventForFilters(I)V
j  java.awt.EventDispatchThread.pumpEventsForFilter(ILjava/awt/Conditional;Ljava/awt/EventFilter;)V+35
j  java.awt.EventDispatchThread.pumpEventsForHierarchy(ILjava/awt/Conditional;Ljava/awt/Component;)V+11
j  java.awt.EventDispatchThread.pumpEvents(ILjava/awt/Conditional;)V+4
j  java.awt.EventDispatchThread.pumpEvents(Ljava/awt/Conditional;)V+3
j  java.awt.EventDispatchThread.run()V+9
v  ~StubRoutines::call_stub

---------------  P R O C E S S  ---------------

Java Threads: ( => current thread )
  0xb6805000 JavaThread "DestroyJavaVM" [_thread_blocked, id=4151, stack(0xb690e000,0xb695f000)]
  0x6d9ddc00 JavaThread "TimerQueue" daemon [_thread_blocked, id=4170, stack(0x6d6a2000,0x6d6f3000)]
=>0x6d9c3000 JavaThread "AWT-EventQueue-0" [_thread_in_vm, id=4169, stack(0x6d6f3000,0x6d744000)]
  0x6d9c2000 JavaThread "AWT-Shutdown" [_thread_blocked, id=4168, stack(0x6d744000,0x6d795000)]
  0x6dceb800 JavaThread "AWT-XAWT" daemon [_thread_blocked, id=4166, stack(0x6da2a000,0x6da7b000)]
  0x6dcae400 JavaThread "Java2D Disposer" daemon [_thread_blocked, id=4165, stack(0x6da7b000,0x6dacc000)]
  0x6e5e8400 JavaThread "Service Thread" daemon [_thread_blocked, id=4163, stack(0x6de7c000,0x6decd000)]
  0x6e5e6800 JavaThread "C2 CompilerThread1" daemon [_thread_blocked, id=4162, stack(0x6decd000,0x6df4e000)]
  0x6e5e4400 JavaThread "C2 CompilerThread0" daemon [_thread_blocked, id=4161, stack(0x6df4e000,0x6dfcf000)]
  0x6e5e2c00 JavaThread "Signal Dispatcher" daemon [_thread_blocked, id=4160, stack(0x7152e000,0x7157f000)]
  0x6e5a8000 JavaThread "Finalizer" daemon [_thread_blocked, id=4159, stack(0x7182e000,0x7187f000)]
  0x6e5a6400 JavaThread "Reference Handler" daemon [_thread_blocked, id=4158, stack(0x71a08000,0x71a59000)]

Other Threads:
  0x6e5a0800 VMThread [stack: 0x6e67c000,0x6e6fd000] [id=4157]
  0x6e5ea400 WatcherThread [stack: 0x6ddfb000,0x6de7c000] [id=4164]

VM state:synchronizing (normal execution)

VM Mutex/Monitor currently owned by a thread:  ([mutex/lock_event])
[0xb6803c68] Threads_lock - owner thread: 0x6e5a0800
[0xb6804078] Heap_lock - owner thread: 0x6e5e2c00

Heap
 PSYoungGen      total 223936K, used 186292K [0x9eed0000, 0xb36d0000, 0xb36d0000)
  eden space 112000K, 99% used [0x9eed0000,0xa5c2fff8,0xa5c30000)
  from space 111936K, 66% used [0xa5c30000,0xaa4bd2a0,0xac980000)
  to   space 111936K, 0% used [0xac980000,0xac980000,0xb36d0000)
 ParOldGen       total 671744K, used 671744K [0x75ed0000, 0x9eed0000, 0x9eed0000)
  object space 671744K, 100% used [0x75ed0000,0x9eed0000,0x9eed0000)
 PSPermGen       total 16384K, used 6731K [0x71ed0000, 0x72ed0000, 0x75ed0000)
  object space 16384K, 41% used [0x71ed0000,0x72562eb8,0x72ed0000)

Card table byte_map: [0x71cc3000,0x71ed0000] byte_map_base: 0x71933980

Polling page: 0xb77b0000

Code Cache  [0xb379f000, 0xb39df000, 0xb679f000)
 total_blobs=483 nmethods=256 adapters=179 free_code_cache=48432Kb largest_free_block=49572992

Compilation events (10 events):
Event: 13,232 Thread 0x6e5e6800  251             ia.etsii.ull.es.CortaCesped::getMapa (5 bytes)
Event: 13,232 Thread 0x6e5e6800 nmethod 251 0xb384e308 code [0xb384e3e0, 0xb384e430]
Event: 13,232 Thread 0x6e5e4400  252             ia.etsii.ull.es.CortaCesped::getPosY (5 bytes)
Event: 13,232 Thread 0x6e5e4400 nmethod 252 0xb384e188 code [0xb384e260, 0xb384e2b0]
Event: 13,234 Thread 0x6e5e6800  253             ia.etsii.ull.es.CortaCesped::getPosX (5 bytes)
Event: 13,234 Thread 0x6e5e6800 nmethod 253 0xb384e008 code [0xb384e0e0, 0xb384e130]
Event: 13,234 Thread 0x6e5e4400  254             ia.etsii.ull.es.Casilla::<init> (40 bytes)
Event: 13,234 Thread 0x6e5e4400 nmethod 254 0xb384de88 code [0xb384df60, 0xb384dfd0]
Event: 13,235 Thread 0x6e5e6800    2 %           ia.etsii.ull.es.CortaCesped::consultarArriba @ 51 (233 bytes)
Event: 13,245 Thread 0x6e5e6800 nmethod 2% 0xb3853788 code [0xb3853980, 0xb3854098]

GC Heap History (10 events):
Event: 31,869 GC heap before
{Heap before GC invocations=32 (full 17):
 PSYoungGen      total 223936K, used 186292K [0x9eed0000, 0xb36d0000, 0xb36d0000)
  eden space 112000K, 99% used [0x9eed0000,0xa5c2fff8,0xa5c30000)
  from space 111936K, 66% used [0xa5c30000,0xaa4bd2a0,0xac980000)
  to   space 111936K, 0% used [0xac980000,0xac980000,0xb36d0000)
 ParOldGen       total 671744K, used 671743K [0x75ed0000, 0x9eed0000, 0x9eed0000)
  object space 671744K, 99% used [0x75ed0000,0x9eecff90,0x9eed0000)
 PSPermGen       total 16384K, used 6729K [0x71ed0000, 0x72ed0000, 0x75ed0000)
  object space 16384K, 41% used [0x71ed0000,0x725627a8,0x72ed0000)
Event: 33,499 GC heap after
Heap after GC invocations=32 (full 17):
 PSYoungGen      total 223936K, used 186292K [0x9eed0000, 0xb36d0000, 0xb36d0000)
  eden space 112000K, 99% used [0x9eed0000,0xa5c2ffd8,0xa5c30000)
  from space 111936K, 66% used [0xa5c30000,0xaa4bd2a0,0xac980000)
  to   space 111936K, 0% used [0xac980000,0xac980000,0xb36d0000)
 ParOldGen       total 671744K, used 671743K [0x75ed0000, 0x9eed0000, 0x9eed0000)
  object space 671744K, 99% used [0x75ed0000,0x9eecff70,0x9eed0000)
 PSPermGen       total 16384K, used 6729K [0x71ed0000, 0x72ed0000, 0x75ed0000)
  object space 16384K, 41% used [0x71ed0000,0x725627a8,0x72ed0000)
}
Event: 33,499 GC heap before
{Heap before GC invocations=33 (full 18):
 PSYoungGen      total 223936K, used 186292K [0x9eed0000, 0xb36d0000, 0xb36d0000)
  eden space 112000K, 100% used [0x9eed0000,0xa5c30000,0xa5c30000)
  from space 111936K, 66% used [0xa5c30000,0xaa4bd2a0,0xac980000)
  to   space 111936K, 0% used [0xac980000,0xac980000,0xb36d0000)
 ParOldGen       total 671744K, used 671743K [0x75ed0000, 0x9eed0000, 0x9eed0000)
  object space 671744K, 99% used [0x75ed0000,0x9eecff70,0x9eed0000)
 PSPermGen       total 16384K, used 6730K [0x71ed0000, 0x72ed0000, 0x75ed0000)
  object space 16384K, 41% used [0x71ed0000,0x725628a0,0x72ed0000)
Event: 34,723 GC heap after
Heap after GC invocations=33 (full 18):
 PSYoungGen      total 223936K, used 186292K [0x9eed0000, 0xb36d0000, 0xb36d0000)
  eden space 112000K, 99% used [0x9eed0000,0xa5c2ffd8,0xa5c30000)
  from space 111936K, 66% used [0xa5c30000,0xaa4bd2a0,0xac980000)
  to   space 111936K, 0% used [0xac980000,0xac980000,0xb36d0000)
 ParOldGen       total 671744K, used 671743K [0x75ed0000, 0x9eed0000, 0x9eed0000)
  object space 671744K, 99% used [0x75ed0000,0x9eecff70,0x9eed0000)
 PSPermGen       total 16384K, used 6730K [0x71ed0000, 0x72ed0000, 0x75ed0000)
  object space 16384K, 41% used [0x71ed0000,0x725628a0,0x72ed0000)
}
Event: 34,723 GC heap before
{Heap before GC invocations=34 (full 19):
 PSYoungGen      total 223936K, used 186292K [0x9eed0000, 0xb36d0000, 0xb36d0000)
  eden space 112000K, 99% used [0x9eed0000,0xa5c2fff8,0xa5c30000)
  from space 111936K, 66% used [0xa5c30000,0xaa4bd2a0,0xac980000)
  to   space 111936K, 0% used [0xac980000,0xac980000,0xb36d0000)
 ParOldGen       total 671744K, used 671743K [0x75ed0000, 0x9eed0000, 0x9eed0000)
  object space 671744K, 99% used [0x75ed0000,0x9eecff70,0x9eed0000)
 PSPermGen       total 16384K, used 6730K [0x71ed0000, 0x72ed0000, 0x75ed0000)
  object space 16384K, 41% used [0x71ed0000,0x725628a0,0x72ed0000)
Event: 36,218 GC heap after
Heap after GC invocations=34 (full 19):
 PSYoungGen      total 223936K, used 186292K [0x9eed0000, 0xb36d0000, 0xb36d0000)
  eden space 112000K, 99% used [0x9eed0000,0xa5c2fff8,0xa5c30000)
  from space 111936K, 66% used [0xa5c30000,0xaa4bd2a0,0xac980000)
  to   space 111936K, 0% used [0xac980000,0xac980000,0xb36d0000)
 ParOldGen       total 671744K, used 671743K [0x75ed0000, 0x9eed0000, 0x9eed0000)
  object space 671744K, 99% used [0x75ed0000,0x9eecff70,0x9eed0000)
 PSPermGen       total 16384K, used 6730K [0x71ed0000, 0x72ed0000, 0x75ed0000)
  object space 16384K, 41% used [0x71ed0000,0x725628a0,0x72ed0000)
}
Event: 36,218 GC heap before
{Heap before GC invocations=35 (full 20):
 PSYoungGen      total 223936K, used 186292K [0x9eed0000, 0xb36d0000, 0xb36d0000)
  eden space 112000K, 99% used [0x9eed0000,0xa5c2fff8,0xa5c30000)
  from space 111936K, 66% used [0xa5c30000,0xaa4bd2a0,0xac980000)
  to   space 111936K, 0% used [0xac980000,0xac980000,0xb36d0000)
 ParOldGen       total 671744K, used 671743K [0x75ed0000, 0x9eed0000, 0x9eed0000)
  object space 671744K, 99% used [0x75ed0000,0x9eecffb0,0x9eed0000)
 PSPermGen       total 16384K, used 6730K [0x71ed0000, 0x72ed0000, 0x75ed0000)
  object space 16384K, 41% used [0x71ed0000,0x72562ba8,0x72ed0000)
Event: 37,853 GC heap after
Heap after GC invocations=35 (full 20):
 PSYoungGen      total 223936K, used 186292K [0x9eed0000, 0xb36d0000, 0xb36d0000)
  eden space 112000K, 99% used [0x9eed0000,0xa5c2fff8,0xa5c30000)
  from space 111936K, 66% used [0xa5c30000,0xaa4bd2a0,0xac980000)
  to   space 111936K, 0% used [0xac980000,0xac980000,0xb36d0000)
 ParOldGen       total 671744K, used 671743K [0x75ed0000, 0x9eed0000, 0x9eed0000)
  object space 671744K, 99% used [0x75ed0000,0x9eecff90,0x9eed0000)
 PSPermGen       total 16384K, used 6730K [0x71ed0000, 0x72ed0000, 0x75ed0000)
  object space 16384K, 41% used [0x71ed0000,0x72562ba8,0x72ed0000)
}
Event: 37,853 GC heap before
{Heap before GC invocations=36 (full 21):
 PSYoungGen      total 223936K, used 186292K [0x9eed0000, 0xb36d0000, 0xb36d0000)
  eden space 112000K, 99% used [0x9eed0000,0xa5c2fff8,0xa5c30000)
  from space 111936K, 66% used [0xa5c30000,0xaa4bd2a0,0xac980000)
  to   space 111936K, 0% used [0xac980000,0xac980000,0xb36d0000)
 ParOldGen       total 671744K, used 671743K [0x75ed0000, 0x9eed0000, 0x9eed0000)
  object space 671744K, 99% used [0x75ed0000,0x9eecff90,0x9eed0000)
 PSPermGen       total 16384K, used 6730K [0x71ed0000, 0x72ed0000, 0x75ed0000)
  object space 16384K, 41% used [0x71ed0000,0x72562ba8,0x72ed0000)
Event: 39,051 GC heap after
Heap after GC invocations=36 (full 21):
 PSYoungGen      total 223936K, used 186292K [0x9eed0000, 0xb36d0000, 0xb36d0000)
  eden space 112000K, 99% used [0x9eed0000,0xa5c2fff8,0xa5c30000)
  from space 111936K, 66% used [0xa5c30000,0xaa4bd2a0,0xac980000)
  to   space 111936K, 0% used [0xac980000,0xac980000,0xb36d0000)
 ParOldGen       total 671744K, used 671743K [0x75ed0000, 0x9eed0000, 0x9eed0000)
  object space 671744K, 99% used [0x75ed0000,0x9eecff90,0x9eed0000)
 PSPermGen       total 16384K, used 6730K [0x71ed0000, 0x72ed0000, 0x75ed0000)
  object space 16384K, 41% used [0x71ed0000,0x72562ba8,0x72ed0000)
}

Deoptimization events (10 events):
Event: 0,150 Thread 0xb6805000 Uncommon trap -34 fr.pc 0xb37f18b0
Event: 0,483 Thread 0x6d9c3000 Uncommon trap -83 fr.pc 0xb380da10
Event: 0,483 Thread 0x6d9c3000 Uncommon trap -83 fr.pc 0xb3805208
Event: 0,483 Thread 0x6d9c3000 Uncommon trap -34 fr.pc 0xb380a84c
Event: 0,483 Thread 0x6d9c3000 Uncommon trap -34 fr.pc 0xb3805b7c
Event: 0,483 Thread 0x6d9c3000 Uncommon trap -83 fr.pc 0xb3801a2c
Event: 0,483 Thread 0x6d9c3000 Uncommon trap -34 fr.pc 0xb37fe468
Event: 0,484 Thread 0x6d9c3000 Uncommon trap -34 fr.pc 0xb380a868
Event: 0,484 Thread 0x6d9c3000 Uncommon trap -83 fr.pc 0xb3802014
Event: 0,484 Thread 0x6d9c3000 Uncommon trap -34 fr.pc 0xb37fe468

Internal exceptions (10 events):
Event: 0,310 Thread 0x6d9c3000 Threw 0x9f264728 at /HUDSON/workspace/jdk7u17-2-build-linux-i586-product/jdk7u17/hotspot/src/share/vm/prims/jvm.cpp:1166
Event: 0,310 Thread 0x6d9c3000 Threw 0x9f264938 at /HUDSON/workspace/jdk7u17-2-build-linux-i586-product/jdk7u17/hotspot/src/share/vm/prims/jvm.cpp:1166
Event: 0,310 Thread 0x6d9c3000 Threw 0x9f2667c0 at /HUDSON/workspace/jdk7u17-2-build-linux-i586-product/jdk7u17/hotspot/src/share/vm/prims/jvm.cpp:1166
Event: 0,310 Thread 0x6d9c3000 Threw 0x9f2669d0 at /HUDSON/workspace/jdk7u17-2-build-linux-i586-product/jdk7u17/hotspot/src/share/vm/prims/jvm.cpp:1166
Event: 0,355 Thread 0x6d9c3000 Threw 0x9f271050 at /HUDSON/workspace/jdk7u17-2-build-linux-i586-product/jdk7u17/hotspot/src/share/vm/prims/jni.cpp:742
Event: 0,483 Thread 0x6d9c3000 Implicit null exception at 0xb380d115 to 0xb380d9f5
Event: 0,483 Thread 0x6d9c3000 Implicit null exception at 0xb38050be to 0xb38051f9
Event: 30,260 Thread 0x6d9c3000 Threw 0x71f45400 at /HUDSON/workspace/jdk7u17-2-build-linux-i586-product/jdk7u17/hotspot/src/share/vm/gc_interface/collectedHeap.in
Event: 30,260 Thread 0x6d9c3000 Threw 0x71f45400 at /HUDSON/workspace/jdk7u17-2-build-linux-i586-product/jdk7u17/hotspot/src/share/vm/prims/jvm.cpp:1170
Event: 39,052 Thread 0x6d9c3000 Threw 0x71f453e0 at /HUDSON/workspace/jdk7u17-2-build-linux-i586-product/jdk7u17/hotspot/src/share/vm/gc_interface/collectedHeap.in

Events (10 events):
Event: 31,869 Executing VM operation: ParallelGCFailedAllocation
Event: 33,499 Executing VM operation: ParallelGCFailedAllocation done
Event: 33,499 Executing VM operation: ParallelGCFailedAllocation
Event: 34,723 Executing VM operation: ParallelGCFailedAllocation done
Event: 34,723 Executing VM operation: ParallelGCFailedAllocation
Event: 36,218 Executing VM operation: ParallelGCFailedAllocation done
Event: 36,218 Executing VM operation: ParallelGCFailedAllocation
Event: 39,052 Executing VM operation: ParallelGCFailedAllocation done
Event: 39,052 loading class 0xb68340b8 done
Event: 39,052 Executing VM operation: ParallelGCFailedAllocation


Dynamic libraries:
08048000-08049000 r-xp 00000000 08:03 148488     /opt/jdk1.7.0_17/bin/java
08049000-0804a000 rw-p 00000000 08:03 148488     /opt/jdk1.7.0_17/bin/java
0871d000-087c9000 rw-p 00000000 00:00 0          [heap]
6bb00000-6bbe6000 rw-p 00000000 00:00 0 
6bbe6000-6bc00000 ---p 00000000 00:00 0 
6bc00000-6bd00000 rw-p 00000000 00:00 0 
6bd00000-6bf00000 rw-p 00000000 00:00 0 
6bf00000-6c100000 rw-p 00000000 00:00 0 
6c100000-6c300000 rw-p 00000000 00:00 0 
6c3c0000-6c500000 rw-p 00000000 00:00 0 
6c500000-6c5d5000 rw-p 00000000 00:00 0 
6c5d5000-6c600000 ---p 00000000 00:00 0 
6c700000-6c900000 rw-p 00000000 00:00 0 
6c900000-6cb00000 rw-p 00000000 00:00 0 
6cb00000-6cd00000 rw-p 00000000 00:00 0 
6cd00000-6ce00000 rw-p 00000000 00:00 0 
6cf00000-6cf70000 rw-p 00000000 00:00 0 
6cf70000-6d000000 ---p 00000000 00:00 0 
6d000000-6d100000 rw-p 00000000 00:00 0 
6d100000-6d1e9000 rw-p 00000000 00:00 0 
6d1e9000-6d200000 ---p 00000000 00:00 0 
6d200000-6d300000 rw-p 00000000 00:00 0 
6d300000-6d3f3000 rw-p 00000000 00:00 0 
6d3f3000-6d400000 ---p 00000000 00:00 0 
6d400000-6d4ff000 rw-p 00000000 00:00 0 
6d4ff000-6d500000 ---p 00000000 00:00 0 
6d500000-6d5fd000 rw-p 00000000 00:00 0 
6d5fd000-6d600000 ---p 00000000 00:00 0 
6d60e000-6d6a2000 rw-p 00000000 00:00 0 
6d6a2000-6d6a5000 ---p 00000000 00:00 0 
6d6a5000-6d6f3000 rw-p 00000000 00:00 0 
6d6f3000-6d6f6000 ---p 00000000 00:00 0 
6d6f6000-6d744000 rw-p 00000000 00:00 0 
6d744000-6d747000 ---p 00000000 00:00 0 
6d747000-6d795000 rw-p 00000000 00:00 0 
6d795000-6d7c8000 r-xp 00000000 08:03 149052     /opt/jdk1.7.0_17/jre/lib/i386/libjpeg.so
6d7c8000-6d7c9000 rw-p 00032000 08:03 149052     /opt/jdk1.7.0_17/jre/lib/i386/libjpeg.so
6d7c9000-6d7cc000 ---p 00000000 00:00 0 
6d7cc000-6d81a000 rw-p 00000000 00:00 0 
6d81a000-6d87a000 r-xp 00000000 08:03 149034     /opt/jdk1.7.0_17/jre/lib/i386/libt2k.so
6d87a000-6d87e000 rw-p 0005f000 08:03 149034     /opt/jdk1.7.0_17/jre/lib/i386/libt2k.so
6d87e000-6d882000 rw-p 00000000 00:00 0 
6d882000-6d8b7000 r--s 00000000 08:03 1318178    /var/cache/nscd/hosts
6d8b7000-6d8f9000 r-xp 00000000 08:03 149056     /opt/jdk1.7.0_17/jre/lib/i386/libfontmanager.so
6d8f9000-6d8fc000 rw-p 00041000 08:03 149056     /opt/jdk1.7.0_17/jre/lib/i386/libfontmanager.so
6d8fc000-6d900000 rw-p 00000000 00:00 0 
6d900000-6d9e5000 rw-p 00000000 00:00 0 
6d9e5000-6da00000 ---p 00000000 00:00 0 
6da0c000-6da28000 r-xp 00000000 08:03 47390      /lib/i386-linux-gnu/libgcc_s.so.1
6da28000-6da29000 r--p 0001b000 08:03 47390      /lib/i386-linux-gnu/libgcc_s.so.1
6da29000-6da2a000 rw-p 0001c000 08:03 47390      /lib/i386-linux-gnu/libgcc_s.so.1
6da2a000-6da2d000 ---p 00000000 00:00 0 
6da2d000-6da7b000 rw-p 00000000 00:00 0 
6da7b000-6da7e000 ---p 00000000 00:00 0 
6da7e000-6dacc000 rw-p 00000000 00:00 0 
6dacc000-6dbfc000 r-xp 00000000 08:03 17470      /usr/lib/i386-linux-gnu/libX11.so.6.3.0
6dbfc000-6dbfd000 r--p 0012f000 08:03 17470      /usr/lib/i386-linux-gnu/libX11.so.6.3.0
6dbfd000-6dbff000 rw-p 00130000 08:03 17470      /usr/lib/i386-linux-gnu/libX11.so.6.3.0
6dbff000-6dc00000 rw-p 00000000 00:00 0 
6dc00000-6dd00000 rw-p 00000000 00:00 0 
6dd19000-6dd22000 r-xp 00000000 08:03 42984      /usr/lib/i386-linux-gnu/libXcursor.so.1.0.2
6dd22000-6dd23000 r--p 00008000 08:03 42984      /usr/lib/i386-linux-gnu/libXcursor.so.1.0.2
6dd23000-6dd24000 rw-p 00009000 08:03 42984      /usr/lib/i386-linux-gnu/libXcursor.so.1.0.2
6dd26000-6dd34000 r-xp 00000000 08:03 149047     /opt/jdk1.7.0_17/jre/lib/i386/libnio.so
6dd34000-6dd35000 rw-p 0000e000 08:03 149047     /opt/jdk1.7.0_17/jre/lib/i386/libnio.so
6dd35000-6dd49000 r-xp 00000000 08:03 149038     /opt/jdk1.7.0_17/jre/lib/i386/libnet.so
6dd49000-6dd4a000 rw-p 00014000 08:03 149038     /opt/jdk1.7.0_17/jre/lib/i386/libnet.so
6dd4a000-6ddd0000 r-xp 00000000 08:03 149000     /opt/jdk1.7.0_17/jre/lib/i386/libawt.so
6ddd0000-6ddd7000 rw-p 00086000 08:03 149000     /opt/jdk1.7.0_17/jre/lib/i386/libawt.so
6ddd7000-6ddfb000 rw-p 00000000 00:00 0 
6ddfb000-6ddfc000 ---p 00000000 00:00 0 
6ddfc000-6de7c000 rw-p 00000000 00:00 0 
6de7c000-6de7f000 ---p 00000000 00:00 0 
6de7f000-6decd000 rw-p 00000000 00:00 0 
6decd000-6ded0000 ---p 00000000 00:00 0 
6ded0000-6df4e000 rw-p 00000000 00:00 0 
6df4e000-6df51000 ---p 00000000 00:00 0 
6df51000-6dfcf000 rw-p 00000000 00:00 0 
6dfcf000-6e100000 r--p 005e3000 08:03 7444       /usr/lib/locale/locale-archive
6e100000-6e300000 r--p 00000000 08:03 7444       /usr/lib/locale/locale-archive
6e300000-6e3f8000 rw-p 00000000 00:00 0 
6e3f8000-6e400000 ---p 00000000 00:00 0 
6e400000-6e421000 rw-p 00000000 00:00 0 
6e421000-6e500000 ---p 00000000 00:00 0 
6e500000-6e600000 rw-p 00000000 00:00 0 
6e609000-6e60d000 r-xp 00000000 08:03 29416      /usr/lib/i386-linux-gnu/libXfixes.so.3.1.0
6e60d000-6e60e000 r--p 00004000 08:03 29416      /usr/lib/i386-linux-gnu/libXfixes.so.3.1.0
6e60e000-6e60f000 rw-p 00005000 08:03 29416      /usr/lib/i386-linux-gnu/libXfixes.so.3.1.0
6e60f000-6e62e000 r-xp 00000000 08:03 12663      /usr/lib/i386-linux-gnu/libxcb.so.1.1.0
6e62e000-6e62f000 r--p 0001f000 08:03 12663      /usr/lib/i386-linux-gnu/libxcb.so.1.1.0
6e62f000-6e630000 rw-p 00020000 08:03 12663      /usr/lib/i386-linux-gnu/libxcb.so.1.1.0
6e630000-6e679000 r-xp 00000000 08:03 149004     /opt/jdk1.7.0_17/jre/lib/i386/xawt/libmawt.so
6e679000-6e67c000 rw-p 00048000 08:03 149004     /opt/jdk1.7.0_17/jre/lib/i386/xawt/libmawt.so
6e67c000-6e67d000 ---p 00000000 00:00 0 
6e67d000-6e748000 rw-p 00000000 00:00 0 
6e748000-6e904000 r--s 039dc000 08:03 148501     /opt/jdk1.7.0_17/jre/lib/rt.jar
6e904000-71400000 rw-p 00000000 00:00 0 
71400000-71500000 rw-p 00000000 00:00 0 
71505000-7150c000 r--s 00000000 08:03 1993       /usr/lib/i386-linux-gnu/gconv/gconv-modules.cache
7150c000-7151a000 r-xp 00000000 08:03 43053      /usr/lib/i386-linux-gnu/libXi.so.6.1.0
7151a000-7151b000 r--p 0000d000 08:03 43053      /usr/lib/i386-linux-gnu/libXi.so.6.1.0
7151b000-7151c000 rw-p 0000e000 08:03 43053      /usr/lib/i386-linux-gnu/libXi.so.6.1.0
7151c000-7152c000 r-xp 00000000 08:03 17499      /usr/lib/i386-linux-gnu/libXext.so.6.4.0
7152c000-7152d000 r--p 0000f000 08:03 17499      /usr/lib/i386-linux-gnu/libXext.so.6.4.0
7152d000-7152e000 rw-p 00010000 08:03 17499      /usr/lib/i386-linux-gnu/libXext.so.6.4.0
7152e000-71531000 ---p 00000000 00:00 0 
71531000-7157f000 rw-p 00000000 00:00 0 
7157f000-71580000 ---p 00000000 00:00 0 
71580000-71600000 rw-p 00000000 00:00 0 
71600000-71700000 rw-p 00000000 00:00 0 
71700000-71721000 rw-p 00000000 00:00 0 
71721000-71800000 ---p 00000000 00:00 0 
71801000-71806000 r-xp 00000000 08:03 4821       /usr/lib/i386-linux-gnu/libXdmcp.so.6.0.0
71806000-71807000 r--p 00004000 08:03 4821       /usr/lib/i386-linux-gnu/libXdmcp.so.6.0.0
71807000-71808000 rw-p 00005000 08:03 4821       /usr/lib/i386-linux-gnu/libXdmcp.so.6.0.0
71809000-7182e000 r--p 00000000 08:03 45635      /usr/share/locale-langpack/es/LC_MESSAGES/libc.mo
7182e000-71831000 ---p 00000000 00:00 0 
71831000-7187f000 rw-p 00000000 00:00 0 
7187f000-71880000 ---p 00000000 00:00 0 
71880000-71900000 rw-p 00000000 00:00 0 
71900000-71a00000 rw-p 00000000 00:00 0 
71a01000-71a06000 r-xp 00000000 08:03 37950      /usr/lib/i386-linux-gnu/libXtst.so.6.1.0
71a06000-71a07000 r--p 00004000 08:03 37950      /usr/lib/i386-linux-gnu/libXtst.so.6.1.0
71a07000-71a08000 rw-p 00005000 08:03 37950      /usr/lib/i386-linux-gnu/libXtst.so.6.1.0
71a08000-71a0b000 ---p 00000000 00:00 0 
71a0b000-71a59000 rw-p 00000000 00:00 0 
71a59000-71a5a000 ---p 00000000 00:00 0 
71a5a000-71ada000 rw-p 00000000 00:00 0 
71ada000-71adb000 ---p 00000000 00:00 0 
71adb000-71b63000 rw-p 00000000 00:00 0 
71b63000-71b7b000 rw-p 00000000 00:00 0 
71b7b000-71cc3000 rw-p 00000000 00:00 0 
71cc3000-71ccb000 rw-p 00000000 00:00 0 
71ccb000-71ce3000 rw-p 00000000 00:00 0 
71ce3000-71e2b000 rw-p 00000000 00:00 0 
71e2b000-71ecf000 rw-p 00000000 00:00 0 
71ecf000-72ed0000 rw-p 00000000 00:00 0 
72ed0000-75ed0000 rw-p 00000000 00:00 0 
75ed0000-9eed0000 rw-p 00000000 00:00 0 
9eed0000-b36d0000 rw-p 00000000 00:00 0 
b36d4000-b36d5000 rw-p 00000000 00:00 0 
b36d5000-b36dd000 r-xp 00000000 08:03 29421      /usr/lib/i386-linux-gnu/libXrender.so.1.3.0
b36dd000-b36de000 r--p 00007000 08:03 29421      /usr/lib/i386-linux-gnu/libXrender.so.1.3.0
b36de000-b36df000 rw-p 00008000 08:03 29421      /usr/lib/i386-linux-gnu/libXrender.so.1.3.0
b36df000-b36e8000 rw-p 00000000 00:00 0 
b36e8000-b379f000 rw-p 00000000 00:00 0 
b379f000-b39df000 rwxp 00000000 00:00 0 
b39df000-b679f000 rw-p 00000000 00:00 0 
b679f000-b67a7000 rw-s 00000000 08:03 2637146    /tmp/hsperfdata_alu4314/4144
b67a7000-b67dc000 r--s 00000000 08:03 1318407    /var/cache/nscd/passwd
b67dc000-b67ff000 r-xp 00000000 08:03 149023     /opt/jdk1.7.0_17/jre/lib/i386/libjava.so
b67ff000-b6800000 rw-p 00023000 08:03 149023     /opt/jdk1.7.0_17/jre/lib/i386/libjava.so
b6800000-b68f9000 rw-p 00000000 00:00 0 
b68f9000-b6900000 ---p 00000000 00:00 0 
b6900000-b6902000 r-xp 00000000 08:03 4810       /usr/lib/i386-linux-gnu/libXau.so.6.0.0
b6902000-b6903000 r--p 00001000 08:03 4810       /usr/lib/i386-linux-gnu/libXau.so.6.0.0
b6903000-b6904000 rw-p 00002000 08:03 4810       /usr/lib/i386-linux-gnu/libXau.so.6.0.0
b6904000-b6905000 r--p 0084b000 08:03 7444       /usr/lib/locale/locale-archive
b6905000-b690c000 r-xp 00000000 08:03 2068       /lib/i386-linux-gnu/librt-2.15.so
b690c000-b690d000 r--p 00006000 08:03 2068       /lib/i386-linux-gnu/librt-2.15.so
b690d000-b690e000 rw-p 00007000 08:03 2068       /lib/i386-linux-gnu/librt-2.15.so
b690e000-b6911000 ---p 00000000 00:00 0 
b6911000-b695f000 rw-p 00000000 00:00 0 
b695f000-b6989000 r-xp 00000000 08:03 2640       /lib/i386-linux-gnu/libm-2.15.so
b6989000-b698a000 r--p 00029000 08:03 2640       /lib/i386-linux-gnu/libm-2.15.so
b698a000-b698b000 rw-p 0002a000 08:03 2640       /lib/i386-linux-gnu/libm-2.15.so
b698b000-b7144000 r-xp 00000000 08:03 149060     /opt/jdk1.7.0_17/jre/lib/i386/server/libjvm.so
b7144000-b7196000 rw-p 007b9000 08:03 149060     /opt/jdk1.7.0_17/jre/lib/i386/server/libjvm.so
b7196000-b75b9000 rw-p 00000000 00:00 0 
b75b9000-b775c000 r-xp 00000000 08:03 2061       /lib/i386-linux-gnu/libc-2.15.so
b775c000-b775e000 r--p 001a3000 08:03 2061       /lib/i386-linux-gnu/libc-2.15.so
b775e000-b775f000 rw-p 001a5000 08:03 2061       /lib/i386-linux-gnu/libc-2.15.so
b775f000-b7762000 rw-p 00000000 00:00 0 
b7762000-b7765000 r-xp 00000000 08:03 2644       /lib/i386-linux-gnu/libdl-2.15.so
b7765000-b7766000 r--p 00002000 08:03 2644       /lib/i386-linux-gnu/libdl-2.15.so
b7766000-b7767000 rw-p 00003000 08:03 2644       /lib/i386-linux-gnu/libdl-2.15.so
b7767000-b777a000 r-xp 00000000 08:03 149027     /opt/jdk1.7.0_17/jre/lib/i386/jli/libjli.so
b777a000-b777b000 rw-p 00012000 08:03 149027     /opt/jdk1.7.0_17/jre/lib/i386/jli/libjli.so
b777b000-b777c000 rw-p 00000000 00:00 0 
b777c000-b7793000 r-xp 00000000 08:03 2638       /lib/i386-linux-gnu/libpthread-2.15.so
b7793000-b7794000 r--p 00016000 08:03 2638       /lib/i386-linux-gnu/libpthread-2.15.so
b7794000-b7795000 rw-p 00017000 08:03 2638       /lib/i386-linux-gnu/libpthread-2.15.so
b7795000-b7797000 rw-p 00000000 00:00 0 
b7797000-b77ae000 r-xp 00000000 08:03 149061     /opt/jdk1.7.0_17/jre/lib/i386/libzip.so
b77ae000-b77af000 rw-p 00017000 08:03 149061     /opt/jdk1.7.0_17/jre/lib/i386/libzip.so
b77af000-b77b0000 rw-p 00000000 00:00 0 
b77b0000-b77b1000 ---p 00000000 00:00 0 
b77b1000-b77bc000 r-xp 00000000 08:03 149005     /opt/jdk1.7.0_17/jre/lib/i386/libverify.so
b77bc000-b77bd000 rw-p 0000b000 08:03 149005     /opt/jdk1.7.0_17/jre/lib/i386/libverify.so
b77bd000-b77bf000 rw-p 00000000 00:00 0 
b77bf000-b77c0000 r-xp 00000000 00:00 0          [vdso]
b77c0000-b77e0000 r-xp 00000000 08:03 2641       /lib/i386-linux-gnu/ld-2.15.so
b77e0000-b77e1000 r--p 0001f000 08:03 2641       /lib/i386-linux-gnu/ld-2.15.so
b77e1000-b77e2000 rw-p 00020000 08:03 2641       /lib/i386-linux-gnu/ld-2.15.so
bfc1b000-bfc3c000 rw-p 00000000 00:00 0          [stack]

VM Arguments:
jvm_args: -Dfile.encoding=UTF-8 
java_command: ia.etsii.ull.es.Principal 15 15
Launcher Type: SUN_STANDARD

Environment Variables:
JAVA_HOME=/opt/jdk1.7.0_17
PATH=/usr/local/rvm/gems/ruby-2.0.0-p247/bin:/usr/local/rvm/gems/ruby-2.0.0-p247@global/bin:/usr/local/rvm/rubies/ruby-2.0.0-p247/bin:/usr/local/rvm/bin:/opt/ros/groovy/bin:/opt/jdk1.7.0_17/bin:/usr/local/sbin:/usr/local/bin:/usr/sbin:/usr/bin:/sbin:/bin:/usr/games:/usr/local/ruby/bin:/usr/local/ruby/bin:/opt/hadoop/bin:/opt/play-1.2.7
LD_LIBRARY_PATH=/opt/jdk1.7.0_17/jre/lib/i386/server:/opt/jdk1.7.0_17/jre/lib/i386:/opt/jdk1.7.0_17/jre/../lib/i386:/opt/jdk1.7.0_17/jre/lib/i386/client:/opt/jdk1.7.0_17/jre/lib/i386:
SHELL=/bin/bash
DISPLAY=:0.0

Signal Handlers:
SIGSEGV: [libjvm.so+0x720f90], sa_mask[0]=0x7ffbfeff, sa_flags=0x10000004
SIGBUS: [libjvm.so+0x720f90], sa_mask[0]=0x7ffbfeff, sa_flags=0x10000004
SIGFPE: [libjvm.so+0x5d9de0], sa_mask[0]=0x7ffbfeff, sa_flags=0x10000004
SIGPIPE: [libjvm.so+0x5d9de0], sa_mask[0]=0x7ffbfeff, sa_flags=0x10000004
SIGXFSZ: [libjvm.so+0x5d9de0], sa_mask[0]=0x7ffbfeff, sa_flags=0x10000004
SIGILL: [libjvm.so+0x5d9de0], sa_mask[0]=0x7ffbfeff, sa_flags=0x10000004
SIGUSR1: SIG_DFL, sa_mask[0]=0x00000000, sa_flags=0x00000000
SIGUSR2: [libjvm.so+0x5d96c0], sa_mask[0]=0x00000004, sa_flags=0x10000004
SIGHUP: [libjvm.so+0x5dbcb0], sa_mask[0]=0x7ffbfeff, sa_flags=0x10000004
SIGINT: [libjvm.so+0x5dbcb0], sa_mask[0]=0x7ffbfeff, sa_flags=0x10000004
SIGTERM: [libjvm.so+0x5dbcb0], sa_mask[0]=0x7ffbfeff, sa_flags=0x10000004
SIGQUIT: [libjvm.so+0x5dbcb0], sa_mask[0]=0x7ffbfeff, sa_flags=0x10000004


---------------  S Y S T E M  ---------------

OS:wheezy/sid

uname:Linux 3.2.0-53-generic-pae #81-Ubuntu SMP Thu Aug 22 21:23:47 UTC 2013 i686
libc:glibc 2.15 NPTL 2.15 
rlimit: STACK 8192k, CORE 0k, NPROC 31354, NOFILE 4096, AS infinity
load average:2,13 0,98 0,71

/proc/meminfo:
MemTotal:        4028012 kB
MemFree:          238492 kB
Buffers:            7980 kB
Cached:           178348 kB
SwapCached:        22152 kB
Active:          2870376 kB
Inactive:         844836 kB
Active(anon):    2839824 kB
Inactive(anon):   816652 kB
Active(file):      30552 kB
Inactive(file):    28184 kB
Unevictable:           0 kB
Mlocked:               0 kB
HighTotal:       3183080 kB
HighFree:          73712 kB
LowTotal:         844932 kB
LowFree:          164780 kB
SwapTotal:       4194300 kB
SwapFree:        4060516 kB
Dirty:                88 kB
Writeback:             0 kB
AnonPages:       3512384 kB
Mapped:            35580 kB
Shmem:            127392 kB
Slab:              36440 kB
SReclaimable:      20456 kB
SUnreclaim:        15984 kB
KernelStack:        3176 kB
PageTables:        12496 kB
NFS_Unstable:          0 kB
Bounce:                0 kB
WritebackTmp:          0 kB
CommitLimit:     6208304 kB
Committed_AS:    5035652 kB
VmallocTotal:     122880 kB
VmallocUsed:       18560 kB
VmallocChunk:     102216 kB
HardwareCorrupted:     0 kB
AnonHugePages:         0 kB
HugePages_Total:       0
HugePages_Free:        0
HugePages_Rsvd:        0
HugePages_Surp:        0
Hugepagesize:       2048 kB
DirectMap4k:       10232 kB
DirectMap2M:      903168 kB


CPU:total 4 (4 cores per cpu, 1 threads per core) family 6 model 58 stepping 9, cmov, cx8, fxsr, mmx, sse, sse2, sse3, ssse3, sse4.1, sse4.2, popcnt, avx, tsc, tscinvbit, tscinv

/proc/cpuinfo:
processor	: 0
vendor_id	: GenuineIntel
cpu family	: 6
model		: 58
model name	: Intel(R) Core(TM) i5-3470 CPU @ 3.20GHz
stepping	: 9
microcode	: 0x16
cpu MHz		: 2400.000
cache size	: 6144 KB
physical id	: 0
siblings	: 4
core id		: 0
cpu cores	: 4
apicid		: 0
initial apicid	: 0
fdiv_bug	: no
hlt_bug		: no
f00f_bug	: no
coma_bug	: no
fpu		: yes
fpu_exception	: yes
cpuid level	: 13
wp		: yes
flags		: fpu vme de pse tsc msr pae mce cx8 apic sep mtrr pge mca cmov pat pse36 clflush dts acpi mmx fxsr sse sse2 ss ht tm pbe nx rdtscp lm constant_tsc arch_perfmon pebs bts xtopology nonstop_tsc aperfmperf pni pclmulqdq dtes64 monitor ds_cpl vmx smx est tm2 ssse3 cx16 xtpr pdcm pcid sse4_1 sse4_2 x2apic popcnt tsc_deadline_timer aes xsave avx f16c rdrand lahf_lm ida arat epb xsaveopt pln pts dtherm tpr_shadow vnmi flexpriority ept vpid fsgsbase smep erms
bogomips	: 6385.63
clflush size	: 64
cache_alignment	: 64
address sizes	: 36 bits physical, 48 bits virtual
power management:

processor	: 1
vendor_id	: GenuineIntel
cpu family	: 6
model		: 58
model name	: Intel(R) Core(TM) i5-3470 CPU @ 3.20GHz
stepping	: 9
microcode	: 0x16
cpu MHz		: 1600.000
cache size	: 6144 KB
physical id	: 0
siblings	: 4
core id		: 1
cpu cores	: 4
apicid		: 2
initial apicid	: 2
fdiv_bug	: no
hlt_bug		: no
f00f_bug	: no
coma_bug	: no
fpu		: yes
fpu_exception	: yes
cpuid level	: 13
wp		: yes
flags		: fpu vme de pse tsc msr pae mce cx8 apic sep mtrr pge mca cmov pat pse36 clflush dts acpi mmx fxsr sse sse2 ss ht tm pbe nx rdtscp lm constant_tsc arch_perfmon pebs bts xtopology nonstop_tsc aperfmperf pni pclmulqdq dtes64 monitor ds_cpl vmx smx est tm2 ssse3 cx16 xtpr pdcm pcid sse4_1 sse4_2 x2apic popcnt tsc_deadline_timer aes xsave avx f16c rdrand lahf_lm ida arat epb xsaveopt pln pts dtherm tpr_shadow vnmi flexpriority ept vpid fsgsbase smep erms
bogomips	: 6385.19
clflush size	: 64
cache_alignment	: 64
address sizes	: 36 bits physical, 48 bits virtual
power management:

processor	: 2
vendor_id	: GenuineIntel
cpu family	: 6
model		: 58
model name	: Intel(R) Core(TM) i5-3470 CPU @ 3.20GHz
stepping	: 9
microcode	: 0x16
cpu MHz		: 3201.000
cache size	: 6144 KB
physical id	: 0
siblings	: 4
core id		: 2
cpu cores	: 4
apicid		: 4
initial apicid	: 4
fdiv_bug	: no
hlt_bug		: no
f00f_bug	: no
coma_bug	: no
fpu		: yes
fpu_exception	: yes
cpuid level	: 13
wp		: yes
flags		: fpu vme de pse tsc msr pae mce cx8 apic sep mtrr pge mca cmov pat pse36 clflush dts acpi mmx fxsr sse sse2 ss ht tm pbe nx rdtscp lm constant_tsc arch_perfmon pebs bts xtopology nonstop_tsc aperfmperf pni pclmulqdq dtes64 monitor ds_cpl vmx smx est tm2 ssse3 cx16 xtpr pdcm pcid sse4_1 sse4_2 x2apic popcnt tsc_deadline_timer aes xsave avx f16c rdrand lahf_lm ida arat epb xsaveopt pln pts dtherm tpr_shadow vnmi flexpriority ept vpid fsgsbase smep erms
bogomips	: 6385.19
clflush size	: 64
cache_alignment	: 64
address sizes	: 36 bits physical, 48 bits virtual
power management:

processor	: 3
vendor_id	: GenuineIntel
cpu family	: 6
model		: 58
model name	: Intel(R) Core(TM) i5-3470 CPU @ 3.20GHz
stepping	: 9
microcode	: 0x16
cpu MHz		: 1600.000
cache size	: 6144 KB
physical id	: 0
siblings	: 4
core id		: 3
cpu cores	: 4
apicid		: 6
initial apicid	: 6
fdiv_bug	: no
hlt_bug		: no
f00f_bug	: no
coma_bug	: no
fpu		: yes
fpu_exception	: yes
cpuid level	: 13
wp		: yes
flags		: fpu vme de pse tsc msr pae mce cx8 apic sep mtrr pge mca cmov pat pse36 clflush dts acpi mmx fxsr sse sse2 ss ht tm pbe nx rdtscp lm constant_tsc arch_perfmon pebs bts xtopology nonstop_tsc aperfmperf pni pclmulqdq dtes64 monitor ds_cpl vmx smx est tm2 ssse3 cx16 xtpr pdcm pcid sse4_1 sse4_2 x2apic popcnt tsc_deadline_timer aes xsave avx f16c rdrand lahf_lm ida arat epb xsaveopt pln pts dtherm tpr_shadow vnmi flexpriority ept vpid fsgsbase smep erms
bogomips	: 6385.19
clflush size	: 64
cache_alignment	: 64
address sizes	: 36 bits physical, 48 bits virtual
power management:



Memory: 4k page, physical 4028012k(238492k free), swap 4194300k(4060516k free)

vm_info: Java HotSpot(TM) Server VM (23.7-b01) for linux-x86 JRE (1.7.0_17-b02), built on Mar  1 2013 03:07:01 by "java_re" with gcc 4.3.0 20080428 (Red Hat 4.3.0-8)

time: Wed Oct 16 17:59:05 2013
elapsed time: 39 seconds

