#
# A fatal error has been detected by the Java Runtime Environment:
#
#  Internal Error (sharedRuntime.cpp:728), pid=3416, tid=1835584320
#  guarantee(false) failed: missing exception handler
#
# JRE version: 7.0_17-b02
# Java VM: Java HotSpot(TM) Server VM (23.7-b01 mixed mode linux-x86 )
# Failed to write core dump. Core dumps have been disabled. To enable core dumping, try "ulimit -c unlimited" before starting Java again
#
# If you would like to submit a bug report, please visit:
#   http://bugreport.sun.com/bugreport/crash.jsp
#

---------------  T H R E A D  ---------------

Current thread (0x6d8c3000):  JavaThread "AWT-EventQueue-0" [_thread_in_vm, id=3438, stack(0x6d63c000,0x6d68d000)]

Stack: [0x6d63c000,0x6d68d000],  sp=0x6d68ba54,  free space=318k
Native frames: (J=compiled Java code, j=interpreted, Vv=VM code, C=native code)
V  [libjvm.so+0x720449]  VMError::report_and_die()+0x199
V  [libjvm.so+0x2e8829]  report_vm_error(char const*, int, char const*, char const*)+0x49
V  [libjvm.so+0x65cacb]  SharedRuntime::compute_compiled_exc_handler(nmethod*, unsigned char*, Handle&, bool, bool)+0x3db
V  [libjvm.so+0x652db1]  OptoRuntime::handle_exception_C_helper(JavaThread*, nmethod*&)+0x121
V  [libjvm.so+0x65312c]  OptoRuntime::handle_exception_C(JavaThread*)+0x2c

Java frames: (J=compiled Java code, j=interpreted, Vv=VM code)
v  ~ExceptionBlob
J  java.awt.EventDispatchThread.pumpOneEventForFilters(I)V
j  java.awt.EventDispatchThread.pumpEventsForFilter(ILjava/awt/Conditional;Ljava/awt/EventFilter;)V+35
j  java.awt.EventDispatchThread.pumpEventsForHierarchy(ILjava/awt/Conditional;Ljava/awt/Component;)V+11
j  java.awt.EventDispatchThread.pumpEvents(ILjava/awt/Conditional;)V+4
j  java.awt.EventDispatchThread.pumpEvents(Ljava/awt/Conditional;)V+3
j  java.awt.EventDispatchThread.run()V+9
v  ~StubRoutines::call_stub

---------------  P R O C E S S  ---------------

Java Threads: ( => current thread )
  0x6e311c00 JavaThread "SIGTERM handler" daemon [_thread_blocked, id=3459, stack(0x6ad0d000,0x6ad5e000)]
  0x6e310400 JavaThread "SIGTERM handler" daemon [_thread_blocked, id=3458, stack(0x6ad5e000,0x6adaf000)]
  0x6e30ec00 JavaThread "SIGTERM handler" daemon [_thread_blocked, id=3457, stack(0x6adaf000,0x6ae00000)]
  0x6e30d000 JavaThread "SIGTERM handler" daemon [_thread_blocked, id=3455, stack(0x6cd0d000,0x6cd5e000)]
  0x6e30b800 JavaThread "SIGTERM handler" daemon [_thread_blocked, id=3454, stack(0x6cd5e000,0x6cdaf000)]
  0x6e30a000 JavaThread "SIGTERM handler" daemon [_thread_blocked, id=3453, stack(0x6cdaf000,0x6ce00000)]
  0x6e308400 JavaThread "SIGTERM handler" daemon [_thread_blocked, id=3452, stack(0x6d30d000,0x6d35e000)]
  0x6e306c00 JavaThread "SIGTERM handler" daemon [_thread_blocked, id=3451, stack(0x6d35e000,0x6d3af000)]
  0x6e305400 JavaThread "SIGTERM handler" daemon [_thread_blocked, id=3449, stack(0x6d3af000,0x6d400000)]
  0x08d84000 JavaThread "XToolkt-Shutdown-Thread" [_thread_blocked, id=3448, stack(0x6d549000,0x6d59a000)]
  0x6e304400 JavaThread "SIGTERM handler" daemon [_thread_blocked, id=3447, stack(0x6d59a000,0x6d5eb000)]
  0x6e303c00 JavaThread "SIGTERM handler" daemon [_thread_blocked, id=3446, stack(0x6d712000,0x6d763000)]
  0xb6705000 JavaThread "DestroyJavaVM" [_thread_blocked, id=3421, stack(0xb68a3000,0xb68f4000)]
  0x6d8ddc00 JavaThread "TimerQueue" daemon [_thread_blocked, id=3439, stack(0x6d5eb000,0x6d63c000)]
=>0x6d8c3000 JavaThread "AWT-EventQueue-0" [_thread_in_vm, id=3438, stack(0x6d63c000,0x6d68d000)]
  0x6d8c2000 JavaThread "AWT-Shutdown" [_thread_blocked, id=3437, stack(0x6d68d000,0x6d6de000)]
  0x6dce3800 JavaThread "AWT-XAWT" daemon [_thread_blocked, id=3435, stack(0x6d979000,0x6d9ca000)]
  0x6dcae400 JavaThread "Java2D Disposer" daemon [_thread_blocked, id=3434, stack(0x6d9ca000,0x6da1b000)]
  0x6e4e8400 JavaThread "Service Thread" daemon [_thread_blocked, id=3432, stack(0x7142e000,0x7147f000)]
  0x6e4e6800 JavaThread "C2 CompilerThread1" daemon [_thread_blocked, id=3431, stack(0x6ddcd000,0x6de4e000)]
  0x6e4e4400 JavaThread "C2 CompilerThread0" daemon [_thread_blocked, id=3430, stack(0x6de4e000,0x6decf000)]
  0x6e4e2c00 JavaThread "Signal Dispatcher" daemon [_thread_blocked, id=3429, stack(0x7162e000,0x7167f000)]
  0x6e4a8000 JavaThread "Finalizer" daemon [_thread_blocked, id=3428, stack(0x7182e000,0x7187f000)]
  0x6e4a6400 JavaThread "Reference Handler" daemon [_thread_blocked, id=3427, stack(0x71a19000,0x71a6a000)]

Other Threads:
  0x6e4a0800 VMThread [stack: 0x6e57c000,0x6e5fd000] [id=3426]
  0x6e4ea400 WatcherThread [stack: 0x6dd4c000,0x6ddcd000] [id=3433]

VM state:synchronizing (normal execution)

VM Mutex/Monitor currently owned by a thread:  ([mutex/lock_event])
[0xb6703c68] Threads_lock - owner thread: 0x6e4a0800
[0xb6704078] Heap_lock - owner thread: 0x08d84000

Heap
 PSYoungGen      total 217728K, used 105791K [0x9ee40000, 0xb3570000, 0xb3640000)
  eden space 105792K, 99% used [0x9ee40000,0xa558fff0,0xa5590000)
  from space 111936K, 0% used [0xac2e0000,0xac2e0000,0xb3030000)
  to   space 111936K, 0% used [0xa5590000,0xa5590000,0xac2e0000)
 ParOldGen       total 671744K, used 671743K [0x75e40000, 0x9ee40000, 0x9ee40000)
  object space 671744K, 99% used [0x75e40000,0x9ee3ffe0,0x9ee40000)
 PSPermGen       total 16384K, used 6751K [0x71e40000, 0x72e40000, 0x75e40000)
  object space 16384K, 41% used [0x71e40000,0x724d7ce0,0x72e40000)

Card table byte_map: [0x71c33000,0x71e40000] byte_map_base: 0x718a3e00

Polling page: 0xb7745000

Code Cache  [0xb3700000, 0xb3940000, 0xb6700000)
 total_blobs=512 nmethods=285 adapters=179 free_code_cache=48318Kb largest_free_block=49451648

Compilation events (10 events):
Event: 10,482 Thread 0x6e4e6800  280             ia.etsii.ull.es.CortaCesped::getPosX (5 bytes)
Event: 10,482 Thread 0x6e4e6800 nmethod 280 0xb3783248 code [0xb3783320, 0xb3783370]
Event: 10,482 Thread 0x6e4e4400  281             ia.etsii.ull.es.Casilla::<init> (40 bytes)
Event: 10,482 Thread 0x6e4e4400 nmethod 281 0xb37830c8 code [0xb37831a0, 0xb3783210]
Event: 10,483 Thread 0x6e4e6800    2 %           ia.etsii.ull.es.CortaCesped::consultarArriba @ 109 (310 bytes)
Event: 10,493 Thread 0x6e4e6800 nmethod 2% 0xb37d3b48 code [0xb37d3d60, 0xb37d450c]
Event: 15,974 Thread 0x6e4e4400  282             sun.util.logging.PlatformLogger$LoggerProxy::doLog (32 bytes)
Event: 15,975 Thread 0x6e4e4400 nmethod 282 0xb37d38c8 code [0xb37d39c0, 0xb37d3a64]
Event: 15,979 Thread 0x6e4e6800  283             sun.util.logging.PlatformLogger::finest (12 bytes)
Event: 15,980 Thread 0x6e4e6800 nmethod 283 0xb3782e08 code [0xb3782f00, 0xb3782fc4]

GC Heap History (10 events):
Event: 52,253 GC heap before
{Heap before GC invocations=53 (full 37):
 PSYoungGen      total 217728K, used 105792K [0x9ee40000, 0xb3570000, 0xb3640000)
  eden space 105792K, 100% used [0x9ee40000,0xa5590000,0xa5590000)
  from space 111936K, 0% used [0xac2e0000,0xac2e0000,0xb3030000)
  to   space 111936K, 0% used [0xa5590000,0xa5590000,0xac2e0000)
 ParOldGen       total 671744K, used 671743K [0x75e40000, 0x9ee40000, 0x9ee40000)
  object space 671744K, 99% used [0x75e40000,0x9ee3ffd8,0x9ee40000)
 PSPermGen       total 16384K, used 6750K [0x71e40000, 0x72e40000, 0x75e40000)
  object space 16384K, 41% used [0x71e40000,0x724d7b40,0x72e40000)
Event: 53,420 GC heap after
Heap after GC invocations=53 (full 37):
 PSYoungGen      total 217728K, used 105791K [0x9ee40000, 0xb3570000, 0xb3640000)
  eden space 105792K, 99% used [0x9ee40000,0xa558fff0,0xa5590000)
  from space 111936K, 0% used [0xac2e0000,0xac2e0000,0xb3030000)
  to   space 111936K, 0% used [0xa5590000,0xa5590000,0xac2e0000)
 ParOldGen       total 671744K, used 671743K [0x75e40000, 0x9ee40000, 0x9ee40000)
  object space 671744K, 99% used [0x75e40000,0x9ee3ffd8,0x9ee40000)
 PSPermGen       total 16384K, used 6750K [0x71e40000, 0x72e40000, 0x75e40000)
  object space 16384K, 41% used [0x71e40000,0x724d7b40,0x72e40000)
}
Event: 53,420 GC heap before
{Heap before GC invocations=54 (full 38):
 PSYoungGen      total 217728K, used 105792K [0x9ee40000, 0xb3570000, 0xb3640000)
  eden space 105792K, 100% used [0x9ee40000,0xa5590000,0xa5590000)
  from space 111936K, 0% used [0xac2e0000,0xac2e0000,0xb3030000)
  to   space 111936K, 0% used [0xa5590000,0xa5590000,0xac2e0000)
 ParOldGen       total 671744K, used 671743K [0x75e40000, 0x9ee40000, 0x9ee40000)
  object space 671744K, 99% used [0x75e40000,0x9ee3fff8,0x9ee40000)
 PSPermGen       total 16384K, used 6750K [0x71e40000, 0x72e40000, 0x75e40000)
  object space 16384K, 41% used [0x71e40000,0x724d7b40,0x72e40000)
Event: 55,324 GC heap after
Heap after GC invocations=54 (full 38):
 PSYoungGen      total 217728K, used 105792K [0x9ee40000, 0xb3570000, 0xb3640000)
  eden space 105792K, 100% used [0x9ee40000,0xa5590000,0xa5590000)
  from space 111936K, 0% used [0xac2e0000,0xac2e0000,0xb3030000)
  to   space 111936K, 0% used [0xa5590000,0xa5590000,0xac2e0000)
 ParOldGen       total 671744K, used 671743K [0x75e40000, 0x9ee40000, 0x9ee40000)
  object space 671744K, 99% used [0x75e40000,0x9ee3fff8,0x9ee40000)
 PSPermGen       total 16384K, used 6750K [0x71e40000, 0x72e40000, 0x75e40000)
  object space 16384K, 41% used [0x71e40000,0x724d7b40,0x72e40000)
}
Event: 55,324 GC heap before
{Heap before GC invocations=55 (full 39):
 PSYoungGen      total 217728K, used 105792K [0x9ee40000, 0xb3570000, 0xb3640000)
  eden space 105792K, 100% used [0x9ee40000,0xa5590000,0xa5590000)
  from space 111936K, 0% used [0xac2e0000,0xac2e0000,0xb3030000)
  to   space 111936K, 0% used [0xa5590000,0xa5590000,0xac2e0000)
 ParOldGen       total 671744K, used 671743K [0x75e40000, 0x9ee40000, 0x9ee40000)
  object space 671744K, 99% used [0x75e40000,0x9ee3fff8,0x9ee40000)
 PSPermGen       total 16384K, used 6750K [0x71e40000, 0x72e40000, 0x75e40000)
  object space 16384K, 41% used [0x71e40000,0x724d7b40,0x72e40000)
Event: 56,398 GC heap after
Heap after GC invocations=55 (full 39):
 PSYoungGen      total 217728K, used 105792K [0x9ee40000, 0xb3570000, 0xb3640000)
  eden space 105792K, 100% used [0x9ee40000,0xa5590000,0xa5590000)
  from space 111936K, 0% used [0xac2e0000,0xac2e0000,0xb3030000)
  to   space 111936K, 0% used [0xa5590000,0xa5590000,0xac2e0000)
 ParOldGen       total 671744K, used 671743K [0x75e40000, 0x9ee40000, 0x9ee40000)
  object space 671744K, 99% used [0x75e40000,0x9ee3fff8,0x9ee40000)
 PSPermGen       total 16384K, used 6750K [0x71e40000, 0x72e40000, 0x75e40000)
  object space 16384K, 41% used [0x71e40000,0x724d7b40,0x72e40000)
}
Event: 56,398 GC heap before
{Heap before GC invocations=56 (full 40):
 PSYoungGen      total 217728K, used 105792K [0x9ee40000, 0xb3570000, 0xb3640000)
  eden space 105792K, 100% used [0x9ee40000,0xa5590000,0xa5590000)
  from space 111936K, 0% used [0xac2e0000,0xac2e0000,0xb3030000)
  to   space 111936K, 0% used [0xa5590000,0xa5590000,0xac2e0000)
 ParOldGen       total 671744K, used 671743K [0x75e40000, 0x9ee40000, 0x9ee40000)
  object space 671744K, 99% used [0x75e40000,0x9ee3fff8,0x9ee40000)
 PSPermGen       total 16384K, used 6751K [0x71e40000, 0x72e40000, 0x75e40000)
  object space 16384K, 41% used [0x71e40000,0x724d7ce0,0x72e40000)
Event: 57,474 GC heap after
Heap after GC invocations=56 (full 40):
 PSYoungGen      total 217728K, used 105791K [0x9ee40000, 0xb3570000, 0xb3640000)
  eden space 105792K, 99% used [0x9ee40000,0xa558fff0,0xa5590000)
  from space 111936K, 0% used [0xac2e0000,0xac2e0000,0xb3030000)
  to   space 111936K, 0% used [0xa5590000,0xa5590000,0xac2e0000)
 ParOldGen       total 671744K, used 671743K [0x75e40000, 0x9ee40000, 0x9ee40000)
  object space 671744K, 99% used [0x75e40000,0x9ee3ffe0,0x9ee40000)
 PSPermGen       total 16384K, used 6751K [0x71e40000, 0x72e40000, 0x75e40000)
  object space 16384K, 41% used [0x71e40000,0x724d7ce0,0x72e40000)
}
Event: 57,474 GC heap before
{Heap before GC invocations=57 (full 41):
 PSYoungGen      total 217728K, used 105791K [0x9ee40000, 0xb3570000, 0xb3640000)
  eden space 105792K, 99% used [0x9ee40000,0xa558fff0,0xa5590000)
  from space 111936K, 0% used [0xac2e0000,0xac2e0000,0xb3030000)
  to   space 111936K, 0% used [0xa5590000,0xa5590000,0xac2e0000)
 ParOldGen       total 671744K, used 671743K [0x75e40000, 0x9ee40000, 0x9ee40000)
  object space 671744K, 99% used [0x75e40000,0x9ee3ffe0,0x9ee40000)
 PSPermGen       total 16384K, used 6751K [0x71e40000, 0x72e40000, 0x75e40000)
  object space 16384K, 41% used [0x71e40000,0x724d7ce0,0x72e40000)
Event: 58,530 GC heap after
Heap after GC invocations=57 (full 41):
 PSYoungGen      total 217728K, used 105791K [0x9ee40000, 0xb3570000, 0xb3640000)
  eden space 105792K, 99% used [0x9ee40000,0xa558fff0,0xa5590000)
  from space 111936K, 0% used [0xac2e0000,0xac2e0000,0xb3030000)
  to   space 111936K, 0% used [0xa5590000,0xa5590000,0xac2e0000)
 ParOldGen       total 671744K, used 671743K [0x75e40000, 0x9ee40000, 0x9ee40000)
  object space 671744K, 99% used [0x75e40000,0x9ee3ffe0,0x9ee40000)
 PSPermGen       total 16384K, used 6751K [0x71e40000, 0x72e40000, 0x75e40000)
  object space 16384K, 41% used [0x71e40000,0x724d7ce0,0x72e40000)
}

Deoptimization events (10 events):
Event: 0,548 Thread 0x6d8c3000 Uncommon trap -83 fr.pc 0xb376d850
Event: 0,548 Thread 0x6d8c3000 Uncommon trap -83 fr.pc 0xb3762ec8
Event: 0,548 Thread 0x6d8c3000 Uncommon trap -83 fr.pc 0xb3760ba8
Event: 0,548 Thread 0x6d8c3000 Uncommon trap -34 fr.pc 0xb376ae4c
Event: 0,548 Thread 0x6d8c3000 Uncommon trap -34 fr.pc 0xb376913c
Event: 0,548 Thread 0x6d8c3000 Uncommon trap -83 fr.pc 0xb3753d6c
Event: 0,548 Thread 0x6d8c3000 Uncommon trap -34 fr.pc 0xb3764c68
Event: 0,549 Thread 0x6d8c3000 Uncommon trap -34 fr.pc 0xb376ae68
Event: 0,549 Thread 0x6d8c3000 Uncommon trap -83 fr.pc 0xb37641d4
Event: 0,549 Thread 0x6d8c3000 Uncommon trap -34 fr.pc 0xb3764c68

Internal exceptions (10 events):
Event: 0,548 Thread 0x6d8c3000 Implicit null exception at 0xb376cf55 to 0xb376d835
Event: 0,548 Thread 0x6d8c3000 Implicit null exception at 0xb3762d7e to 0xb3762eb9
Event: 0,548 Thread 0x6d8c3000 Implicit null exception at 0xb3760b51 to 0xb3760b95
Event: 38,622 Thread 0x6d8c3000 Threw 0x71eb5400 at /HUDSON/workspace/jdk7u17-2-build-linux-i586-product/jdk7u17/hotspot/src/share/vm/gc_interface/collectedHeap.in
Event: 38,622 Thread 0x6d8c3000 Threw 0x71eb5400 at /HUDSON/workspace/jdk7u17-2-build-linux-i586-product/jdk7u17/hotspot/src/share/vm/prims/jvm.cpp:1170
Event: 47,996 Thread 0x08d84000 Threw 0x71eb53e0 at /HUDSON/workspace/jdk7u17-2-build-linux-i586-product/jdk7u17/hotspot/src/share/vm/gc_interface/collectedHeap.in
Event: 50,144 Thread 0x6d8ddc00 Threw 0x71eb53c0 at /HUDSON/workspace/jdk7u17-2-build-linux-i586-product/jdk7u17/hotspot/src/share/vm/gc_interface/collectedHeap.in
Event: 50,144 Thread 0x08d84000 Threw 0x71eb53e0 at /HUDSON/workspace/jdk7u17-2-build-linux-i586-product/jdk7u17/hotspot/src/share/vm/oops/instanceKlass.cpp:546
Event: 56,398 Thread 0x6dce3800 Threw 0x71eb53a0 at /HUDSON/workspace/jdk7u17-2-build-linux-i586-product/jdk7u17/hotspot/src/share/vm/gc_interface/collectedHeap.in
Event: 58,530 Thread 0x6d8c3000 Threw 0x71eb4080 at /HUDSON/workspace/jdk7u17-2-build-linux-i586-product/jdk7u17/hotspot/src/share/vm/gc_interface/collectedHeap.in

Events (10 events):
Event: 51,200 Executing VM operation: ParallelGCFailedAllocation
Event: 52,253 Executing VM operation: ParallelGCFailedAllocation done
Event: 52,253 Executing VM operation: ParallelGCFailedAllocation
Event: 53,420 Executing VM operation: ParallelGCFailedAllocation done
Event: 53,420 Executing VM operation: ParallelGCFailedAllocation
Event: 56,398 Executing VM operation: ParallelGCFailedAllocation done
Event: 56,398 Executing VM operation: ParallelGCFailedAllocation
Event: 58,530 Executing VM operation: ParallelGCFailedAllocation done
Event: 58,530 loading class 0xb67340b8 done
Event: 58,530 Executing VM operation: ParallelGCFailedAllocation


Dynamic libraries:
08048000-08049000 r-xp 00000000 08:03 148488     /opt/jdk1.7.0_17/bin/java
08049000-0804a000 rw-p 00000000 08:03 148488     /opt/jdk1.7.0_17/bin/java
08d7f000-08da0000 rw-p 00000000 00:00 0          [heap]
6aac0000-6ac00000 rw-p 00000000 00:00 0 
6ac00000-6aced000 rw-p 00000000 00:00 0 
6aced000-6ad00000 ---p 00000000 00:00 0 
6ad0d000-6ad10000 ---p 00000000 00:00 0 
6ad10000-6ad5e000 rw-p 00000000 00:00 0 
6ad5e000-6ad61000 ---p 00000000 00:00 0 
6ad61000-6adaf000 rw-p 00000000 00:00 0 
6adaf000-6adb2000 ---p 00000000 00:00 0 
6adb2000-6ae00000 rw-p 00000000 00:00 0 
6ae00000-6b000000 rw-p 00000000 00:00 0 
6b000000-6b200000 rw-p 00000000 00:00 0 
6b200000-6b400000 rw-p 00000000 00:00 0 
6b400000-6b600000 rw-p 00000000 00:00 0 
6b600000-6b800000 rw-p 00000000 00:00 0 
6b800000-6b9ac000 rw-p 00000000 00:00 0 
6b9ac000-6ba00000 ---p 00000000 00:00 0 
6ba00000-6bc00000 rw-p 00000000 00:00 0 
6bc00000-6be00000 rw-p 00000000 00:00 0 
6be00000-6c000000 rw-p 00000000 00:00 0 
6c000000-6c200000 rw-p 00000000 00:00 0 
6c200000-6c522000 rw-p 00000000 00:00 0 
6c522000-6c600000 ---p 00000000 00:00 0 
6c600000-6c800000 rw-p 00000000 00:00 0 
6c800000-6ca00000 rw-p 00000000 00:00 0 
6ca00000-6cc00000 rw-p 00000000 00:00 0 
6cc00000-6cd00000 rw-p 00000000 00:00 0 
6cd0d000-6cd10000 ---p 00000000 00:00 0 
6cd10000-6cd5e000 rw-p 00000000 00:00 0 
6cd5e000-6cd61000 ---p 00000000 00:00 0 
6cd61000-6cdaf000 rw-p 00000000 00:00 0 
6cdaf000-6cdb2000 ---p 00000000 00:00 0 
6cdb2000-6ce00000 rw-p 00000000 00:00 0 
6ce00000-6cefe000 rw-p 00000000 00:00 0 
6cefe000-6cf00000 ---p 00000000 00:00 0 
6cf00000-6cf8a000 rw-p 00000000 00:00 0 
6cf8a000-6d000000 ---p 00000000 00:00 0 
6d000000-6d0fa000 rw-p 00000000 00:00 0 
6d0fa000-6d100000 ---p 00000000 00:00 0 
6d100000-6d1ef000 rw-p 00000000 00:00 0 
6d1ef000-6d200000 ---p 00000000 00:00 0 
6d200000-6d2fc000 rw-p 00000000 00:00 0 
6d2fc000-6d300000 ---p 00000000 00:00 0 
6d30d000-6d310000 ---p 00000000 00:00 0 
6d310000-6d35e000 rw-p 00000000 00:00 0 
6d35e000-6d361000 ---p 00000000 00:00 0 
6d361000-6d3af000 rw-p 00000000 00:00 0 
6d3af000-6d3b2000 ---p 00000000 00:00 0 
6d3b2000-6d400000 rw-p 00000000 00:00 0 
6d400000-6d4ee000 rw-p 00000000 00:00 0 
6d4ee000-6d500000 ---p 00000000 00:00 0 
6d549000-6d54c000 ---p 00000000 00:00 0 
6d54c000-6d59a000 rw-p 00000000 00:00 0 
6d59a000-6d59d000 ---p 00000000 00:00 0 
6d59d000-6d5eb000 rw-p 00000000 00:00 0 
6d5eb000-6d5ee000 ---p 00000000 00:00 0 
6d5ee000-6d63c000 rw-p 00000000 00:00 0 
6d63c000-6d63f000 ---p 00000000 00:00 0 
6d63f000-6d68d000 rw-p 00000000 00:00 0 
6d68d000-6d690000 ---p 00000000 00:00 0 
6d690000-6d6de000 rw-p 00000000 00:00 0 
6d6de000-6d711000 r-xp 00000000 08:03 149052     /opt/jdk1.7.0_17/jre/lib/i386/libjpeg.so
6d711000-6d712000 rw-p 00032000 08:03 149052     /opt/jdk1.7.0_17/jre/lib/i386/libjpeg.so
6d712000-6d715000 ---p 00000000 00:00 0 
6d715000-6d763000 rw-p 00000000 00:00 0 
6d763000-6d7c3000 r-xp 00000000 08:03 149034     /opt/jdk1.7.0_17/jre/lib/i386/libt2k.so
6d7c3000-6d7c7000 rw-p 0005f000 08:03 149034     /opt/jdk1.7.0_17/jre/lib/i386/libt2k.so
6d7c7000-6d7cb000 rw-p 00000000 00:00 0 
6d7cb000-6d800000 r--s 00000000 08:03 1318178    /var/cache/nscd/hosts
6d800000-6d8e5000 rw-p 00000000 00:00 0 
6d8e5000-6d900000 ---p 00000000 00:00 0 
6d930000-6d972000 r-xp 00000000 08:03 149056     /opt/jdk1.7.0_17/jre/lib/i386/libfontmanager.so
6d972000-6d975000 rw-p 00041000 08:03 149056     /opt/jdk1.7.0_17/jre/lib/i386/libfontmanager.so
6d975000-6d979000 rw-p 00000000 00:00 0 
6d979000-6d97c000 ---p 00000000 00:00 0 
6d97c000-6d9ca000 rw-p 00000000 00:00 0 
6d9ca000-6d9cd000 ---p 00000000 00:00 0 
6d9cd000-6da1b000 rw-p 00000000 00:00 0 
6da1b000-6db4b000 r-xp 00000000 08:03 17470      /usr/lib/i386-linux-gnu/libX11.so.6.3.0
6db4b000-6db4c000 r--p 0012f000 08:03 17470      /usr/lib/i386-linux-gnu/libX11.so.6.3.0
6db4c000-6db4e000 rw-p 00130000 08:03 17470      /usr/lib/i386-linux-gnu/libX11.so.6.3.0
6db4e000-6db4f000 rw-p 00000000 00:00 0 
6db4f000-6dbd5000 r-xp 00000000 08:03 149000     /opt/jdk1.7.0_17/jre/lib/i386/libawt.so
6dbd5000-6dbdc000 rw-p 00086000 08:03 149000     /opt/jdk1.7.0_17/jre/lib/i386/libawt.so
6dbdc000-6dc00000 rw-p 00000000 00:00 0 
6dc00000-6dcf8000 rw-p 00000000 00:00 0 
6dcf8000-6dd00000 ---p 00000000 00:00 0 
6dd2e000-6dd4a000 r-xp 00000000 08:03 47390      /lib/i386-linux-gnu/libgcc_s.so.1
6dd4a000-6dd4b000 r--p 0001b000 08:03 47390      /lib/i386-linux-gnu/libgcc_s.so.1
6dd4b000-6dd4c000 rw-p 0001c000 08:03 47390      /lib/i386-linux-gnu/libgcc_s.so.1
6dd4c000-6dd4d000 ---p 00000000 00:00 0 
6dd4d000-6ddcd000 rw-p 00000000 00:00 0 
6ddcd000-6ddd0000 ---p 00000000 00:00 0 
6ddd0000-6de4e000 rw-p 00000000 00:00 0 
6de4e000-6de51000 ---p 00000000 00:00 0 
6de51000-6decf000 rw-p 00000000 00:00 0 
6decf000-6e000000 r--p 005e3000 08:03 7444       /usr/lib/locale/locale-archive
6e000000-6e200000 r--p 00000000 08:03 7444       /usr/lib/locale/locale-archive
6e200000-6e2eb000 rw-p 00000000 00:00 0 
6e2eb000-6e300000 ---p 00000000 00:00 0 
6e300000-6e321000 rw-p 00000000 00:00 0 
6e321000-6e400000 ---p 00000000 00:00 0 
6e400000-6e500000 rw-p 00000000 00:00 0 
6e50c000-6e51a000 r-xp 00000000 08:03 149047     /opt/jdk1.7.0_17/jre/lib/i386/libnio.so
6e51a000-6e51b000 rw-p 0000e000 08:03 149047     /opt/jdk1.7.0_17/jre/lib/i386/libnio.so
6e51b000-6e52f000 r-xp 00000000 08:03 149038     /opt/jdk1.7.0_17/jre/lib/i386/libnet.so
6e52f000-6e530000 rw-p 00014000 08:03 149038     /opt/jdk1.7.0_17/jre/lib/i386/libnet.so
6e530000-6e579000 r-xp 00000000 08:03 149004     /opt/jdk1.7.0_17/jre/lib/i386/xawt/libmawt.so
6e579000-6e57c000 rw-p 00048000 08:03 149004     /opt/jdk1.7.0_17/jre/lib/i386/xawt/libmawt.so
6e57c000-6e57d000 ---p 00000000 00:00 0 
6e57d000-6e648000 rw-p 00000000 00:00 0 
6e648000-6e804000 r--s 039dc000 08:03 148501     /opt/jdk1.7.0_17/jre/lib/rt.jar
6e804000-71300000 rw-p 00000000 00:00 0 
71300000-713fe000 rw-p 00000000 00:00 0 
713fe000-71400000 ---p 00000000 00:00 0 
7140d000-7142c000 r-xp 00000000 08:03 12663      /usr/lib/i386-linux-gnu/libxcb.so.1.1.0
7142c000-7142d000 r--p 0001f000 08:03 12663      /usr/lib/i386-linux-gnu/libxcb.so.1.1.0
7142d000-7142e000 rw-p 00020000 08:03 12663      /usr/lib/i386-linux-gnu/libxcb.so.1.1.0
7142e000-71431000 ---p 00000000 00:00 0 
71431000-7147f000 rw-p 00000000 00:00 0 
7147f000-71480000 ---p 00000000 00:00 0 
71480000-71500000 rw-p 00000000 00:00 0 
71500000-71600000 rw-p 00000000 00:00 0 
7160d000-71611000 r-xp 00000000 08:03 29416      /usr/lib/i386-linux-gnu/libXfixes.so.3.1.0
71611000-71612000 r--p 00004000 08:03 29416      /usr/lib/i386-linux-gnu/libXfixes.so.3.1.0
71612000-71613000 rw-p 00005000 08:03 29416      /usr/lib/i386-linux-gnu/libXfixes.so.3.1.0
71613000-7161c000 r-xp 00000000 08:03 42984      /usr/lib/i386-linux-gnu/libXcursor.so.1.0.2
7161c000-7161d000 r--p 00008000 08:03 42984      /usr/lib/i386-linux-gnu/libXcursor.so.1.0.2
7161d000-7161e000 rw-p 00009000 08:03 42984      /usr/lib/i386-linux-gnu/libXcursor.so.1.0.2
7161e000-7162c000 r-xp 00000000 08:03 43053      /usr/lib/i386-linux-gnu/libXi.so.6.1.0
7162c000-7162d000 r--p 0000d000 08:03 43053      /usr/lib/i386-linux-gnu/libXi.so.6.1.0
7162d000-7162e000 rw-p 0000e000 08:03 43053      /usr/lib/i386-linux-gnu/libXi.so.6.1.0
7162e000-71631000 ---p 00000000 00:00 0 
71631000-7167f000 rw-p 00000000 00:00 0 
7167f000-71680000 ---p 00000000 00:00 0 
71680000-71700000 rw-p 00000000 00:00 0 
71700000-71800000 rw-p 00000000 00:00 0 
71802000-71809000 r--s 00000000 08:03 1993       /usr/lib/i386-linux-gnu/gconv/gconv-modules.cache
71809000-7182e000 r--p 00000000 08:03 45635      /usr/share/locale-langpack/es/LC_MESSAGES/libc.mo
7182e000-71831000 ---p 00000000 00:00 0 
71831000-7187f000 rw-p 00000000 00:00 0 
7187f000-71880000 ---p 00000000 00:00 0 
71880000-71900000 rw-p 00000000 00:00 0 
71900000-71a00000 rw-p 00000000 00:00 0 
71a01000-71a06000 r-xp 00000000 08:03 4821       /usr/lib/i386-linux-gnu/libXdmcp.so.6.0.0
71a06000-71a07000 r--p 00004000 08:03 4821       /usr/lib/i386-linux-gnu/libXdmcp.so.6.0.0
71a07000-71a08000 rw-p 00005000 08:03 4821       /usr/lib/i386-linux-gnu/libXdmcp.so.6.0.0
71a08000-71a0d000 r-xp 00000000 08:03 37950      /usr/lib/i386-linux-gnu/libXtst.so.6.1.0
71a0d000-71a0e000 r--p 00004000 08:03 37950      /usr/lib/i386-linux-gnu/libXtst.so.6.1.0
71a0e000-71a0f000 rw-p 00005000 08:03 37950      /usr/lib/i386-linux-gnu/libXtst.so.6.1.0
71a0f000-71a17000 r-xp 00000000 08:03 29421      /usr/lib/i386-linux-gnu/libXrender.so.1.3.0
71a17000-71a18000 r--p 00007000 08:03 29421      /usr/lib/i386-linux-gnu/libXrender.so.1.3.0
71a18000-71a19000 rw-p 00008000 08:03 29421      /usr/lib/i386-linux-gnu/libXrender.so.1.3.0
71a19000-71a1c000 ---p 00000000 00:00 0 
71a1c000-71a6a000 rw-p 00000000 00:00 0 
71a6a000-71a6b000 ---p 00000000 00:00 0 
71a6b000-71c33000 rw-p 00000000 00:00 0 
71c33000-71c3b000 rw-p 00000000 00:00 0 
71c3b000-71c53000 rw-p 00000000 00:00 0 
71c53000-71d9b000 rw-p 00000000 00:00 0 
71d9b000-71e3f000 rw-p 00000000 00:00 0 
71e3f000-72e40000 rw-p 00000000 00:00 0 
72e40000-75e40000 rw-p 00000000 00:00 0 
75e40000-9ee40000 rw-p 00000000 00:00 0 
9ee40000-b3570000 rw-p 00000000 00:00 0 
b3570000-b3640000 rw-p 00000000 00:00 0 
b3640000-b3649000 rw-p 00000000 00:00 0 
b3649000-b3700000 rw-p 00000000 00:00 0 
b3700000-b3940000 rwxp 00000000 00:00 0 
b3940000-b67f9000 rw-p 00000000 00:00 0 
b67f9000-b6800000 ---p 00000000 00:00 0 
b6801000-b6802000 rw-p 00000000 00:00 0 
b6802000-b6804000 r-xp 00000000 08:03 4810       /usr/lib/i386-linux-gnu/libXau.so.6.0.0
b6804000-b6805000 r--p 00001000 08:03 4810       /usr/lib/i386-linux-gnu/libXau.so.6.0.0
b6805000-b6806000 rw-p 00002000 08:03 4810       /usr/lib/i386-linux-gnu/libXau.so.6.0.0
b6806000-b6816000 r-xp 00000000 08:03 17499      /usr/lib/i386-linux-gnu/libXext.so.6.4.0
b6816000-b6817000 r--p 0000f000 08:03 17499      /usr/lib/i386-linux-gnu/libXext.so.6.4.0
b6817000-b6818000 rw-p 00010000 08:03 17499      /usr/lib/i386-linux-gnu/libXext.so.6.4.0
b6818000-b6819000 r--p 0084b000 08:03 7444       /usr/lib/locale/locale-archive
b6819000-b6821000 rw-p 00000000 00:00 0 
b6821000-b6839000 rw-p 00000000 00:00 0 
b6839000-b6841000 rw-s 00000000 08:03 2637146    /tmp/hsperfdata_alu4314/3416
b6841000-b6876000 r--s 00000000 08:03 1318407    /var/cache/nscd/passwd
b6876000-b6899000 r-xp 00000000 08:03 149023     /opt/jdk1.7.0_17/jre/lib/i386/libjava.so
b6899000-b689a000 rw-p 00023000 08:03 149023     /opt/jdk1.7.0_17/jre/lib/i386/libjava.so
b689a000-b68a1000 r-xp 00000000 08:03 2068       /lib/i386-linux-gnu/librt-2.15.so
b68a1000-b68a2000 r--p 00006000 08:03 2068       /lib/i386-linux-gnu/librt-2.15.so
b68a2000-b68a3000 rw-p 00007000 08:03 2068       /lib/i386-linux-gnu/librt-2.15.so
b68a3000-b68a6000 ---p 00000000 00:00 0 
b68a6000-b68f4000 rw-p 00000000 00:00 0 
b68f4000-b691e000 r-xp 00000000 08:03 2640       /lib/i386-linux-gnu/libm-2.15.so
b691e000-b691f000 r--p 00029000 08:03 2640       /lib/i386-linux-gnu/libm-2.15.so
b691f000-b6920000 rw-p 0002a000 08:03 2640       /lib/i386-linux-gnu/libm-2.15.so
b6920000-b70d9000 r-xp 00000000 08:03 149060     /opt/jdk1.7.0_17/jre/lib/i386/server/libjvm.so
b70d9000-b712b000 rw-p 007b9000 08:03 149060     /opt/jdk1.7.0_17/jre/lib/i386/server/libjvm.so
b712b000-b754e000 rw-p 00000000 00:00 0 
b754e000-b76f1000 r-xp 00000000 08:03 2061       /lib/i386-linux-gnu/libc-2.15.so
b76f1000-b76f3000 r--p 001a3000 08:03 2061       /lib/i386-linux-gnu/libc-2.15.so
b76f3000-b76f4000 rw-p 001a5000 08:03 2061       /lib/i386-linux-gnu/libc-2.15.so
b76f4000-b76f7000 rw-p 00000000 00:00 0 
b76f7000-b76fa000 r-xp 00000000 08:03 2644       /lib/i386-linux-gnu/libdl-2.15.so
b76fa000-b76fb000 r--p 00002000 08:03 2644       /lib/i386-linux-gnu/libdl-2.15.so
b76fb000-b76fc000 rw-p 00003000 08:03 2644       /lib/i386-linux-gnu/libdl-2.15.so
b76fc000-b770f000 r-xp 00000000 08:03 149027     /opt/jdk1.7.0_17/jre/lib/i386/jli/libjli.so
b770f000-b7710000 rw-p 00012000 08:03 149027     /opt/jdk1.7.0_17/jre/lib/i386/jli/libjli.so
b7710000-b7711000 rw-p 00000000 00:00 0 
b7711000-b7728000 r-xp 00000000 08:03 2638       /lib/i386-linux-gnu/libpthread-2.15.so
b7728000-b7729000 r--p 00016000 08:03 2638       /lib/i386-linux-gnu/libpthread-2.15.so
b7729000-b772a000 rw-p 00017000 08:03 2638       /lib/i386-linux-gnu/libpthread-2.15.so
b772a000-b772c000 rw-p 00000000 00:00 0 
b772c000-b7743000 r-xp 00000000 08:03 149061     /opt/jdk1.7.0_17/jre/lib/i386/libzip.so
b7743000-b7744000 rw-p 00017000 08:03 149061     /opt/jdk1.7.0_17/jre/lib/i386/libzip.so
b7744000-b7745000 rw-p 00000000 00:00 0 
b7745000-b7746000 ---p 00000000 00:00 0 
b7746000-b7751000 r-xp 00000000 08:03 149005     /opt/jdk1.7.0_17/jre/lib/i386/libverify.so
b7751000-b7752000 rw-p 0000b000 08:03 149005     /opt/jdk1.7.0_17/jre/lib/i386/libverify.so
b7752000-b7754000 rw-p 00000000 00:00 0 
b7754000-b7755000 r-xp 00000000 00:00 0          [vdso]
b7755000-b7775000 r-xp 00000000 08:03 2641       /lib/i386-linux-gnu/ld-2.15.so
b7775000-b7776000 r--p 0001f000 08:03 2641       /lib/i386-linux-gnu/ld-2.15.so
b7776000-b7777000 rw-p 00020000 08:03 2641       /lib/i386-linux-gnu/ld-2.15.so
bfcab000-bfccc000 rw-p 00000000 00:00 0          [stack]

VM Arguments:
jvm_args: -Dfile.encoding=UTF-8 
java_command: ia.etsii.ull.es.Principal 15 15
Launcher Type: SUN_STANDARD

Environment Variables:
JAVA_HOME=/opt/jdk1.7.0_17
PATH=/usr/local/rvm/gems/ruby-2.0.0-p247/bin:/usr/local/rvm/gems/ruby-2.0.0-p247@global/bin:/usr/local/rvm/rubies/ruby-2.0.0-p247/bin:/usr/local/rvm/bin:/opt/ros/groovy/bin:/opt/jdk1.7.0_17/bin:/usr/local/sbin:/usr/local/bin:/usr/sbin:/usr/bin:/sbin:/bin:/usr/games:/usr/local/ruby/bin:/usr/local/ruby/bin:/opt/hadoop/bin:/opt/play-1.2.7
LD_LIBRARY_PATH=/opt/jdk1.7.0_17/jre/lib/i386/server:/opt/jdk1.7.0_17/jre/lib/i386:/opt/jdk1.7.0_17/jre/../lib/i386:/opt/jdk1.7.0_17/jre/lib/i386/client:/opt/jdk1.7.0_17/jre/lib/i386:
SHELL=/bin/bash
DISPLAY=:0.0

Signal Handlers:
SIGSEGV: [libjvm.so+0x720f90], sa_mask[0]=0x7ffbfeff, sa_flags=0x10000004
SIGBUS: [libjvm.so+0x720f90], sa_mask[0]=0x7ffbfeff, sa_flags=0x10000004
SIGFPE: [libjvm.so+0x5d9de0], sa_mask[0]=0x7ffbfeff, sa_flags=0x10000004
SIGPIPE: [libjvm.so+0x5d9de0], sa_mask[0]=0x7ffbfeff, sa_flags=0x10000004
SIGXFSZ: [libjvm.so+0x5d9de0], sa_mask[0]=0x7ffbfeff, sa_flags=0x10000004
SIGILL: [libjvm.so+0x5d9de0], sa_mask[0]=0x7ffbfeff, sa_flags=0x10000004
SIGUSR1: SIG_DFL, sa_mask[0]=0x00000000, sa_flags=0x00000000
SIGUSR2: [libjvm.so+0x5d96c0], sa_mask[0]=0x00000004, sa_flags=0x10000004
SIGHUP: [libjvm.so+0x5dbcb0], sa_mask[0]=0x7ffbfeff, sa_flags=0x10000004
SIGINT: [libjvm.so+0x5dbcb0], sa_mask[0]=0x7ffbfeff, sa_flags=0x10000004
SIGTERM: [libjvm.so+0x5dbcb0], sa_mask[0]=0x7ffbfeff, sa_flags=0x10000004
SIGQUIT: [libjvm.so+0x5dbcb0], sa_mask[0]=0x7ffbfeff, sa_flags=0x10000004


---------------  S Y S T E M  ---------------

OS:wheezy/sid

uname:Linux 3.2.0-53-generic-pae #81-Ubuntu SMP Thu Aug 22 21:23:47 UTC 2013 i686
libc:glibc 2.15 NPTL 2.15 
rlimit: STACK 8192k, CORE 0k, NPROC 31354, NOFILE 4096, AS infinity
load average:2,79 1,07 0,75

/proc/meminfo:
MemTotal:        4028012 kB
MemFree:          233080 kB
Buffers:           11824 kB
Cached:           167368 kB
SwapCached:         8488 kB
Active:          2876028 kB
Inactive:         842688 kB
Active(anon):    2850288 kB
Inactive(anon):   814172 kB
Active(file):      25740 kB
Inactive(file):    28516 kB
Unevictable:           0 kB
Mlocked:               0 kB
HighTotal:       3183080 kB
HighFree:          68108 kB
LowTotal:         844932 kB
LowFree:          164972 kB
SwapTotal:       4194300 kB
SwapFree:        4107496 kB
Dirty:                64 kB
Writeback:             0 kB
AnonPages:       3534300 kB
Mapped:            35160 kB
Shmem:            124776 kB
Slab:              36912 kB
SReclaimable:      21080 kB
SUnreclaim:        15832 kB
KernelStack:        3312 kB
PageTables:        12452 kB
NFS_Unstable:          0 kB
Bounce:                0 kB
WritebackTmp:          0 kB
CommitLimit:     6208304 kB
Committed_AS:    5031828 kB
VmallocTotal:     122880 kB
VmallocUsed:       18584 kB
VmallocChunk:     103224 kB
HardwareCorrupted:     0 kB
AnonHugePages:         0 kB
HugePages_Total:       0
HugePages_Free:        0
HugePages_Rsvd:        0
HugePages_Surp:        0
Hugepagesize:       2048 kB
DirectMap4k:       10232 kB
DirectMap2M:      903168 kB


CPU:total 4 (4 cores per cpu, 1 threads per core) family 6 model 58 stepping 9, cmov, cx8, fxsr, mmx, sse, sse2, sse3, ssse3, sse4.1, sse4.2, popcnt, avx, tsc, tscinvbit, tscinv

/proc/cpuinfo:
processor	: 0
vendor_id	: GenuineIntel
cpu family	: 6
model		: 58
model name	: Intel(R) Core(TM) i5-3470 CPU @ 3.20GHz
stepping	: 9
microcode	: 0x16
cpu MHz		: 3201.000
cache size	: 6144 KB
physical id	: 0
siblings	: 4
core id		: 0
cpu cores	: 4
apicid		: 0
initial apicid	: 0
fdiv_bug	: no
hlt_bug		: no
f00f_bug	: no
coma_bug	: no
fpu		: yes
fpu_exception	: yes
cpuid level	: 13
wp		: yes
flags		: fpu vme de pse tsc msr pae mce cx8 apic sep mtrr pge mca cmov pat pse36 clflush dts acpi mmx fxsr sse sse2 ss ht tm pbe nx rdtscp lm constant_tsc arch_perfmon pebs bts xtopology nonstop_tsc aperfmperf pni pclmulqdq dtes64 monitor ds_cpl vmx smx est tm2 ssse3 cx16 xtpr pdcm pcid sse4_1 sse4_2 x2apic popcnt tsc_deadline_timer aes xsave avx f16c rdrand lahf_lm ida arat epb xsaveopt pln pts dtherm tpr_shadow vnmi flexpriority ept vpid fsgsbase smep erms
bogomips	: 6385.63
clflush size	: 64
cache_alignment	: 64
address sizes	: 36 bits physical, 48 bits virtual
power management:

processor	: 1
vendor_id	: GenuineIntel
cpu family	: 6
model		: 58
model name	: Intel(R) Core(TM) i5-3470 CPU @ 3.20GHz
stepping	: 9
microcode	: 0x16
cpu MHz		: 3201.000
cache size	: 6144 KB
physical id	: 0
siblings	: 4
core id		: 1
cpu cores	: 4
apicid		: 2
initial apicid	: 2
fdiv_bug	: no
hlt_bug		: no
f00f_bug	: no
coma_bug	: no
fpu		: yes
fpu_exception	: yes
cpuid level	: 13
wp		: yes
flags		: fpu vme de pse tsc msr pae mce cx8 apic sep mtrr pge mca cmov pat pse36 clflush dts acpi mmx fxsr sse sse2 ss ht tm pbe nx rdtscp lm constant_tsc arch_perfmon pebs bts xtopology nonstop_tsc aperfmperf pni pclmulqdq dtes64 monitor ds_cpl vmx smx est tm2 ssse3 cx16 xtpr pdcm pcid sse4_1 sse4_2 x2apic popcnt tsc_deadline_timer aes xsave avx f16c rdrand lahf_lm ida arat epb xsaveopt pln pts dtherm tpr_shadow vnmi flexpriority ept vpid fsgsbase smep erms
bogomips	: 6385.19
clflush size	: 64
cache_alignment	: 64
address sizes	: 36 bits physical, 48 bits virtual
power management:

processor	: 2
vendor_id	: GenuineIntel
cpu family	: 6
model		: 58
model name	: Intel(R) Core(TM) i5-3470 CPU @ 3.20GHz
stepping	: 9
microcode	: 0x16
cpu MHz		: 1600.000
cache size	: 6144 KB
physical id	: 0
siblings	: 4
core id		: 2
cpu cores	: 4
apicid		: 4
initial apicid	: 4
fdiv_bug	: no
hlt_bug		: no
f00f_bug	: no
coma_bug	: no
fpu		: yes
fpu_exception	: yes
cpuid level	: 13
wp		: yes
flags		: fpu vme de pse tsc msr pae mce cx8 apic sep mtrr pge mca cmov pat pse36 clflush dts acpi mmx fxsr sse sse2 ss ht tm pbe nx rdtscp lm constant_tsc arch_perfmon pebs bts xtopology nonstop_tsc aperfmperf pni pclmulqdq dtes64 monitor ds_cpl vmx smx est tm2 ssse3 cx16 xtpr pdcm pcid sse4_1 sse4_2 x2apic popcnt tsc_deadline_timer aes xsave avx f16c rdrand lahf_lm ida arat epb xsaveopt pln pts dtherm tpr_shadow vnmi flexpriority ept vpid fsgsbase smep erms
bogomips	: 6385.19
clflush size	: 64
cache_alignment	: 64
address sizes	: 36 bits physical, 48 bits virtual
power management:

processor	: 3
vendor_id	: GenuineIntel
cpu family	: 6
model		: 58
model name	: Intel(R) Core(TM) i5-3470 CPU @ 3.20GHz
stepping	: 9
microcode	: 0x16
cpu MHz		: 1600.000
cache size	: 6144 KB
physical id	: 0
siblings	: 4
core id		: 3
cpu cores	: 4
apicid		: 6
initial apicid	: 6
fdiv_bug	: no
hlt_bug		: no
f00f_bug	: no
coma_bug	: no
fpu		: yes
fpu_exception	: yes
cpuid level	: 13
wp		: yes
flags		: fpu vme de pse tsc msr pae mce cx8 apic sep mtrr pge mca cmov pat pse36 clflush dts acpi mmx fxsr sse sse2 ss ht tm pbe nx rdtscp lm constant_tsc arch_perfmon pebs bts xtopology nonstop_tsc aperfmperf pni pclmulqdq dtes64 monitor ds_cpl vmx smx est tm2 ssse3 cx16 xtpr pdcm pcid sse4_1 sse4_2 x2apic popcnt tsc_deadline_timer aes xsave avx f16c rdrand lahf_lm ida arat epb xsaveopt pln pts dtherm tpr_shadow vnmi flexpriority ept vpid fsgsbase smep erms
bogomips	: 6385.19
clflush size	: 64
cache_alignment	: 64
address sizes	: 36 bits physical, 48 bits virtual
power management:



Memory: 4k page, physical 4028012k(233080k free), swap 4194300k(4107496k free)

vm_info: Java HotSpot(TM) Server VM (23.7-b01) for linux-x86 JRE (1.7.0_17-b02), built on Mar  1 2013 03:07:01 by "java_re" with gcc 4.3.0 20080428 (Red Hat 4.3.0-8)

time: Wed Oct 16 17:27:35 2013
elapsed time: 58 seconds

